<?xml version="1.0" encoding="UTF-8"?>
<robot generator="Robot 7.4.2 (Python 3.14.3 on win32)" generated="2026-06-19T12:22:12.768661" rpa="false" schemaversion="5">
<suite id="s1" name="E2E" source="C:\Users\Ahuja's\Projects\Parabank\project\tests\E2E">
<suite id="s1-s1" name="TC-E2E-01" source="C:\Users\Ahuja's\Projects\Parabank\project\tests\E2E\TC-E2E-01.robot">
<kw name="Run Keywords" owner="BuiltIn" type="SETUP">
<kw name="Load Environment" owner="common_keywords">
<kw name="Load Env" owner="environment">
<msg time="2026-06-19T12:22:13.130168" level="INFO">LOADED CONFIG: {'qa': {'baseurl': 'https://parabank.parasoft.com/'}, 'qa_api': {'api_url': 'https://parabank.parasoft.com/parabank/services/bank', 'api_username': 'john', 'api_password': 'demo', 'account_id': '13344'}}</msg>
<arg>${ENV}</arg>
<status status="PASS" start="2026-06-19T12:22:13.128631" elapsed="0.001637"/>
</kw>
<kw name="Get Env" owner="environment">
<msg time="2026-06-19T12:22:13.130662" level="INFO">${url} = https://parabank.parasoft.com/</msg>
<var>${url}</var>
<arg>baseurl</arg>
<status status="PASS" start="2026-06-19T12:22:13.130468" elapsed="0.000233"/>
</kw>
<kw name="Set Global Variable" owner="BuiltIn">
<msg time="2026-06-19T12:22:13.132010" level="INFO">${BASE_URL} = https://parabank.parasoft.com/</msg>
<arg>${BASE_URL}</arg>
<arg>${url}</arg>
<doc>Makes a variable available globally in all tests and suites.</doc>
<status status="PASS" start="2026-06-19T12:22:13.130891" elapsed="0.001172"/>
</kw>
<doc>Loads environment configuration</doc>
<status status="PASS" start="2026-06-19T12:22:13.128230" elapsed="0.003907"/>
</kw>
<kw name="Setup API" owner="api_keywords">
<kw name="Load Env" owner="environment">
<msg time="2026-06-19T12:22:13.133178" level="INFO">LOADED CONFIG: {'qa': {'baseurl': 'https://parabank.parasoft.com/'}, 'qa_api': {'api_url': 'https://parabank.parasoft.com/parabank/services/bank', 'api_username': 'john', 'api_password': 'demo', 'account_id': '13344'}}</msg>
<arg>qa_api</arg>
<status status="PASS" start="2026-06-19T12:22:13.132467" elapsed="0.000764"/>
</kw>
<kw name="Get Env" owner="environment">
<msg time="2026-06-19T12:22:13.133461" level="INFO">${API_BASE_URL} = https://parabank.parasoft.com/parabank/services/bank</msg>
<var>${API_BASE_URL}</var>
<arg>api_url</arg>
<status status="PASS" start="2026-06-19T12:22:13.133342" elapsed="0.000145"/>
</kw>
<kw name="Get Env" owner="environment">
<msg time="2026-06-19T12:22:13.133675" level="INFO">${USERNAME} = john</msg>
<var>${USERNAME}</var>
<arg>api_username</arg>
<status status="PASS" start="2026-06-19T12:22:13.133588" elapsed="0.000105"/>
</kw>
<kw name="Get Env" owner="environment">
<msg time="2026-06-19T12:22:13.133833" level="INFO">${PASSWORD} = demo</msg>
<var>${PASSWORD}</var>
<arg>api_password</arg>
<status status="PASS" start="2026-06-19T12:22:13.133763" elapsed="0.000087"/>
</kw>
<kw name="Get Env" owner="environment">
<msg time="2026-06-19T12:22:13.133997" level="INFO">${ACCOUNT_ID} = 13344</msg>
<var>${ACCOUNT_ID}</var>
<arg>account_id</arg>
<status status="PASS" start="2026-06-19T12:22:13.133916" elapsed="0.000098"/>
</kw>
<kw name="Set Suite Variable" owner="BuiltIn">
<msg time="2026-06-19T12:22:13.134372" level="INFO">${API_BASE_URL} = https://parabank.parasoft.com/parabank/services/bank</msg>
<arg>${API_BASE_URL}</arg>
<doc>Makes a variable available everywhere within the scope of the current suite.</doc>
<status status="PASS" start="2026-06-19T12:22:13.134105" elapsed="0.000300"/>
</kw>
<kw name="Set Suite Variable" owner="BuiltIn">
<msg time="2026-06-19T12:22:13.135070" level="INFO">${USERNAME} = john</msg>
<arg>${USERNAME}</arg>
<doc>Makes a variable available everywhere within the scope of the current suite.</doc>
<status status="PASS" start="2026-06-19T12:22:13.134781" elapsed="0.000326"/>
</kw>
<kw name="Set Suite Variable" owner="BuiltIn">
<msg time="2026-06-19T12:22:13.135397" level="INFO">${PASSWORD} = demo</msg>
<arg>${PASSWORD}</arg>
<doc>Makes a variable available everywhere within the scope of the current suite.</doc>
<status status="PASS" start="2026-06-19T12:22:13.135209" elapsed="0.000220"/>
</kw>
<kw name="Set Suite Variable" owner="BuiltIn">
<msg time="2026-06-19T12:22:13.135802" level="INFO">${ACCOUNT_ID} = 13344</msg>
<arg>${ACCOUNT_ID}</arg>
<doc>Makes a variable available everywhere within the scope of the current suite.</doc>
<status status="PASS" start="2026-06-19T12:22:13.135510" elapsed="0.000324"/>
</kw>
<kw name="Create API Session" owner="api_keywords">
<kw name="Create Session" owner="RequestsLibrary">
<msg time="2026-06-19T12:22:13.136485" level="INFO">Creating Session using : alias=parabank, url=https://parabank.parasoft.com/parabank/services/bank, headers={},                     cookies={}, auth=None, timeout=None, proxies=None, verify=False,                     debug=0 </msg>
<arg>parabank</arg>
<arg>${API_BASE_URL}</arg>
<arg>verify=False</arg>
<doc>Create Session: create a HTTP session to a server</doc>
<status status="PASS" start="2026-06-19T12:22:13.136253" elapsed="0.000503"/>
</kw>
<status status="PASS" start="2026-06-19T12:22:13.136035" elapsed="0.000884"/>
</kw>
<status status="PASS" start="2026-06-19T12:22:13.132314" elapsed="0.004651"/>
</kw>
<arg>Load Environment</arg>
<arg>AND</arg>
<arg>Setup API</arg>
<doc>Executes all the given keywords in a sequence.</doc>
<status status="PASS" start="2026-06-19T12:22:13.127062" elapsed="0.009939"/>
</kw>
<test id="s1-s1-t1" name="Validate Account Type And Details In API After UI Creation" line="11">
<kw name="Open Application" owner="common_keywords">
<kw name="Open Browser" owner="SeleniumLibrary">
<msg time="2026-06-19T12:22:13.138099" level="INFO">Opening browser 'chrome' to base url 'https://parabank.parasoft.com/'.</msg>
<arg>${BASE_URL}</arg>
<arg>${BROWSER}</arg>
<doc>Opens a new browser instance to the optional ``url``.</doc>
<status status="PASS" start="2026-06-19T12:22:13.137935" elapsed="13.193484"/>
</kw>
<kw name="Maximize Browser Window" owner="SeleniumLibrary">
<doc>Maximizes current browser window.</doc>
<status status="PASS" start="2026-06-19T12:22:26.331667" elapsed="0.032966"/>
</kw>
<doc>Opening the application</doc>
<status status="PASS" start="2026-06-19T12:22:13.137737" elapsed="13.227140"/>
</kw>
<kw name="Create New Savings Bank Account Successfully" owner="common_keywords">
<kw name="Register User Or Login User" owner="common_keywords">
<kw name="Try Login" owner="common_keywords">
<kw name="Enter username" owner="LoginPage">
<kw name="Input Text" owner="SeleniumLibrary">
<msg time="2026-06-19T12:22:26.369301" level="INFO">Typing text 'john' into text field 'xpath=//input[@name="username"]'.</msg>
<arg>${username_input}</arg>
<arg>${username}</arg>
<doc>Types the given ``text`` into the text field identified by ``locator``.</doc>
<status status="PASS" start="2026-06-19T12:22:26.368412" elapsed="0.128355"/>
</kw>
<arg>john</arg>
<status status="PASS" start="2026-06-19T12:22:26.367998" elapsed="0.128951"/>
</kw>
<kw name="Enter password" owner="LoginPage">
<kw name="Input Text" owner="SeleniumLibrary">
<msg time="2026-06-19T12:22:26.498496" level="INFO">Typing text 'demo' into text field 'xpath=//input[@name="password"]'.</msg>
<arg>${password_input}</arg>
<arg>${password}</arg>
<doc>Types the given ``text`` into the text field identified by ``locator``.</doc>
<status status="PASS" start="2026-06-19T12:22:26.497807" elapsed="0.100487"/>
</kw>
<arg>demo</arg>
<status status="PASS" start="2026-06-19T12:22:26.497215" elapsed="0.101238"/>
</kw>
<kw name="Click Login Button" owner="LoginPage">
<kw name="Click Element" owner="SeleniumLibrary">
<msg time="2026-06-19T12:22:26.599381" level="INFO">Clicking element 'xpath=//input[@value="Log In"]'.</msg>
<arg>${login_button}</arg>
<doc>Click the element identified by ``locator``.</doc>
<status status="PASS" start="2026-06-19T12:22:26.599058" elapsed="1.482967"/>
</kw>
<status status="PASS" start="2026-06-19T12:22:26.598699" elapsed="1.483650"/>
</kw>
<kw name="Run Keyword And Return Status" owner="BuiltIn">
<kw name="Verify Successful Login" owner="LoginPage">
<kw name="Wait Until Element Is Visible" owner="SeleniumLibrary">
<arg>${Accounts_Overview}</arg>
<arg>30s</arg>
<doc>Waits until the element ``locator`` is visible.</doc>
<status status="PASS" start="2026-06-19T12:22:28.084953" elapsed="0.033548"/>
</kw>
<status status="PASS" start="2026-06-19T12:22:28.084174" elapsed="0.034593"/>
</kw>
<msg time="2026-06-19T12:22:28.119148" level="INFO">${login_success} = True</msg>
<var>${login_success}</var>
<arg>Verify Successful Login</arg>
<doc>Runs the specified keyword and returns the status as a Boolean value.</doc>
<status status="PASS" start="2026-06-19T12:22:28.082837" elapsed="0.036410"/>
</kw>
<return>
<value>${login_success}</value>
<status status="PASS" start="2026-06-19T12:22:28.119461" elapsed="0.000183"/>
</return>
<msg time="2026-06-19T12:22:28.120191" level="INFO">${login_success} = True</msg>
<var>${login_success}</var>
<status status="PASS" start="2026-06-19T12:22:26.367642" elapsed="1.752675"/>
</kw>
<if>
<branch type="IF" condition="not ${login_success}">
<kw name="Register a new user" owner="RegisterPage">
<status status="NOT RUN" start="2026-06-19T12:22:28.121725" elapsed="0.000107"/>
</kw>
<status status="NOT RUN" start="2026-06-19T12:22:28.120647" elapsed="0.001292"/>
</branch>
<status status="PASS" start="2026-06-19T12:22:28.120563" elapsed="0.001566"/>
</if>
<status status="PASS" start="2026-06-19T12:22:26.367221" elapsed="1.755103"/>
</kw>
<kw name="Click Open New Account Button" owner="OpenAccountPage">
<kw name="Wait Until Element Is Visible" owner="SeleniumLibrary">
<arg>${OpenAccount}</arg>
<arg>20s</arg>
<doc>Waits until the element ``locator`` is visible.</doc>
<status status="PASS" start="2026-06-19T12:22:28.123868" elapsed="0.026936"/>
</kw>
<kw name="Click Element" owner="SeleniumLibrary">
<msg time="2026-06-19T12:22:28.151722" level="INFO">Clicking element 'xpath=//a[contains(text(),"Open New Account")]'.</msg>
<arg>${OpenAccount}</arg>
<doc>Click the element identified by ``locator``.</doc>
<status status="PASS" start="2026-06-19T12:22:28.151404" elapsed="0.582029"/>
</kw>
<status status="PASS" start="2026-06-19T12:22:28.122791" elapsed="0.611005"/>
</kw>
<kw name="Sleep" owner="BuiltIn">
<msg time="2026-06-19T12:22:33.736125" level="INFO">Slept 5 seconds.</msg>
<arg>5s</arg>
<doc>Pauses the test executed for the given time.</doc>
<status status="PASS" start="2026-06-19T12:22:28.734415" elapsed="5.001949"/>
</kw>
<kw name="Select Account Type as Savings" owner="OpenAccountPage">
<kw name="Select From List By Label" owner="SeleniumLibrary">
<msg time="2026-06-19T12:22:33.738353" level="INFO">Selecting options from selection list 'id=type' by label SAVINGS.</msg>
<arg>${Account_type}</arg>
<arg>SAVINGS</arg>
<doc>Selects options from selection list ``locator`` by ``labels``.</doc>
<status status="PASS" start="2026-06-19T12:22:33.737633" elapsed="0.173597"/>
</kw>
<status status="PASS" start="2026-06-19T12:22:33.736934" elapsed="0.174433"/>
</kw>
<kw name="Select Existing Account" owner="OpenAccountPage">
<kw name="Select From List By Index" owner="SeleniumLibrary">
<msg time="2026-06-19T12:22:33.912917" level="INFO">Selecting options from selection list 'id=fromAccountId' by index 0.</msg>
<arg>${ChooseExistingAccount}</arg>
<arg>0</arg>
<doc>Selects options from selection list ``locator`` by ``indexes``.</doc>
<status status="PASS" start="2026-06-19T12:22:33.912378" elapsed="0.045302"/>
</kw>
<status status="PASS" start="2026-06-19T12:22:33.911794" elapsed="0.046075"/>
</kw>
<kw name="Click Open Account Button Final" owner="OpenAccountPage">
<kw name="Click Element" owner="SeleniumLibrary">
<msg time="2026-06-19T12:22:33.959090" level="INFO">Clicking element 'xpath=//input[@value="Open New Account"]'.</msg>
<arg>${OpenNewAccountButton}</arg>
<doc>Click the element identified by ``locator``.</doc>
<status status="PASS" start="2026-06-19T12:22:33.958655" elapsed="0.054570"/>
</kw>
<status status="PASS" start="2026-06-19T12:22:33.958166" elapsed="0.055215"/>
</kw>
<kw name="Sleep" owner="BuiltIn">
<msg time="2026-06-19T12:22:39.014531" level="INFO">Slept 5 seconds.</msg>
<arg>5s</arg>
<doc>Pauses the test executed for the given time.</doc>
<status status="PASS" start="2026-06-19T12:22:34.013561" elapsed="5.001176"/>
</kw>
<kw name="Verify Successful Account Creation" owner="OpenAccountPage">
<kw name="Wait Until Element Is Visible" owner="SeleniumLibrary">
<arg>${AccountOpened}</arg>
<arg>30s</arg>
<doc>Waits until the element ``locator`` is visible.</doc>
<status status="PASS" start="2026-06-19T12:22:39.015867" elapsed="0.028971"/>
</kw>
<status status="PASS" start="2026-06-19T12:22:39.015229" elapsed="0.029744"/>
</kw>
<status status="PASS" start="2026-06-19T12:22:26.366512" elapsed="12.678530"/>
</kw>
<kw name="Wait Until Page Contains Element" owner="SeleniumLibrary">
<arg>id=newAccountId</arg>
<arg>10s</arg>
<doc>Waits until the element ``locator`` appears on the current page.</doc>
<status status="PASS" start="2026-06-19T12:22:39.045686" elapsed="0.020228"/>
</kw>
<kw name="Get Text" owner="SeleniumLibrary">
<msg time="2026-06-19T12:22:39.100104" level="INFO">${ui_account_id} = 13566</msg>
<var>${ui_account_id}</var>
<arg>id=newAccountId</arg>
<doc>Returns the text value of the element identified by ``locator``.</doc>
<status status="PASS" start="2026-06-19T12:22:39.066848" elapsed="0.033321"/>
</kw>
<kw name="Set Variable" owner="BuiltIn">
<msg time="2026-06-19T12:22:39.103495" level="INFO">${ui_account_type} = SAVINGS</msg>
<var>${ui_account_type}</var>
<arg>SAVINGS</arg>
<doc>Returns the given values which can then be assigned to a variables.</doc>
<status status="PASS" start="2026-06-19T12:22:39.102874" elapsed="0.000683"/>
</kw>
<kw name="Log To Console" owner="BuiltIn">
<arg>UI ACCOUNT ID = ${ui_account_id}</arg>
<doc>Logs the given message to the console.</doc>
<status status="PASS" start="2026-06-19T12:22:39.104185" elapsed="0.000724"/>
</kw>
<kw name="GET On Session" owner="RequestsLibrary">
<msg time="2026-06-19T12:22:40.552483" level="INFO">GET Request : url=https://parabank.parasoft.com/parabank/services/bank/accounts/13566 
 path_url=/parabank/services/bank/accounts/13566 
 headers={'User-Agent': 'python-requests/2.34.2', 'Accept-Encoding': 'gzip, deflate, zstd', 'Accept': '*/*', 'Connection': 'keep-alive'} 
 body=None 
 </msg>
<msg time="2026-06-19T12:22:40.556897" level="INFO">GET Response : url=https://parabank.parasoft.com/parabank/services/bank/accounts/13566 
 status=200, reason=OK 
 headers={'Date': 'Fri, 19 Jun 2026 06:52:39 GMT', 'Content-Type': 'application/xml', 'Transfer-Encoding': 'chunked', 'Connection': 'keep-alive', 'Server': 'cloudflare', 'cf-cache-status': 'DYNAMIC', 'Content-Security-Policy-Report-Only': "script-src 'unsafe-inline' 'unsafe-eval'; report-uri https://csp-reporting.cloudflare.com/cdn-cgi/script_monitor/report?m=rG4AzTo2LspV3u5UKOuLTHu_GN5NECOhOT9pCvPyAl8-1781851958.8550887-1.0.1.1-y4Vj8Vc3FaDyeGZjweWmappjL4C6.nCE06Jv0LrtVsVVnlTBH9YQhbMXapXkAz7Lz4UXkIO1PL1L9msR5ZUZc5P3k.QwJZd1obrEce43mhLsEstwKnYku3m8Of6lPKyZ.bpkD9hKl0OvmYM3warbETGV95yz8KpVPjy6gqm4h1F5gjUcWKwLts7t1a6Zx9pH; report-to cf-csp-endpoint", 'X-Content-Type-Options': 'nosniff', 'Report-To': '{"group":"cf-csp-endpoint","max_age":86400,"endpoints":[{"url":"https://csp-reporting.cloudflare.com/cdn-cgi/script_monitor/report?m=rG4AzTo2LspV3u5UKOuLTHu_GN5NECOhOT9pCvPyAl8-1781851958.8550887-1.0.1.1-y4Vj8Vc3FaDyeGZjweWmappjL4C6.nCE06Jv0LrtVsVVnlTBH9YQhbMXapXkAz7Lz4UXkIO1PL1L9msR5ZUZc5P3k.QwJZd1obrEce43mhLsEstwKnYku3m8Of6lPKyZ.bpkD9hKl0OvmYM3warbETGV95yz8KpVPjy6gqm4h1F5gjUcWKwLts7t1a6Zx9pH"}]}', 'Content-Encoding': 'gzip', 'CF-RAY': 'a0e09cb6dc54dc4c-FRA'} 
 body=&lt;?xml version="1.0" encoding="UTF-8" standalone="yes"?&gt;&lt;account&gt;&lt;id&gt;13566&lt;/id&gt;&lt;customerId&gt;12212&lt;/customerId&gt;&lt;type&gt;SAVINGS&lt;/type&gt;&lt;balance&gt;100.00&lt;/balance&gt;&lt;/account&gt; 
 </msg>
<msg time="2026-06-19T12:22:40.557082" level="INFO">C:\Users\Ahuja's\Projects\Parabank\project\venv\Lib\site-packages\urllib3\connectionpool.py:1110: InsecureRequestWarning: Unverified HTTPS request is being made to host 'parabank.parasoft.com'. Adding certificate verification is strongly advised. See: https://urllib3.readthedocs.io/en/latest/advanced-usage.html#tls-warnings
  warnings.warn(</msg>
<msg time="2026-06-19T12:22:40.557691" level="INFO">${response} = &lt;Response [200]&gt;</msg>
<var>${response}</var>
<arg>parabank</arg>
<arg>/accounts/${ui_account_id}</arg>
<doc>Sends a GET request on a previously created HTTP Session.</doc>
<status status="PASS" start="2026-06-19T12:22:39.105574" elapsed="1.452211"/>
</kw>
<kw name="Should Be Equal As Integers" owner="BuiltIn">
<msg time="2026-06-19T12:22:40.560249" level="INFO">Argument types are:
&lt;class 'int'&gt;
&lt;class 'str'&gt;</msg>
<arg>${response.status_code}</arg>
<arg>200</arg>
<doc>Fails if objects are unequal after converting them to integers.</doc>
<status status="PASS" start="2026-06-19T12:22:40.558586" elapsed="0.001791"/>
</kw>
<kw name="Parse Xml" owner="XML">
<msg time="2026-06-19T12:22:40.565553" level="INFO">${xml} = &lt;Element 'account' at 0x0000021224BC6ED0&gt;</msg>
<var>${xml}</var>
<arg>${response.text}</arg>
<doc>Parses the given XML file or string into an element structure.</doc>
<status status="PASS" start="2026-06-19T12:22:40.561056" elapsed="0.004617"/>
</kw>
<kw name="Get Element Text" owner="XML">
<msg time="2026-06-19T12:22:40.568541" level="INFO">${api_id} = 13566</msg>
<var>${api_id}</var>
<arg>${xml}</arg>
<arg>id</arg>
<doc>Returns all text of the element, possibly whitespace normalized.</doc>
<status status="PASS" start="2026-06-19T12:22:40.567314" elapsed="0.001414"/>
</kw>
<kw name="Get Element Text" owner="XML">
<msg time="2026-06-19T12:22:40.571363" level="INFO">${api_type} = SAVINGS</msg>
<var>${api_type}</var>
<arg>${xml}</arg>
<arg>type</arg>
<doc>Returns all text of the element, possibly whitespace normalized.</doc>
<status status="PASS" start="2026-06-19T12:22:40.570236" elapsed="0.001234"/>
</kw>
<kw name="Get Element Text" owner="XML">
<msg time="2026-06-19T12:22:40.573961" level="INFO">${api_customer} = 12212</msg>
<var>${api_customer}</var>
<arg>${xml}</arg>
<arg>customerId</arg>
<doc>Returns all text of the element, possibly whitespace normalized.</doc>
<status status="PASS" start="2026-06-19T12:22:40.573013" elapsed="0.001038"/>
</kw>
<kw name="Get Element Text" owner="XML">
<msg time="2026-06-19T12:22:40.576172" level="INFO">${api_balance} = 100.00</msg>
<var>${api_balance}</var>
<arg>${xml}</arg>
<arg>balance</arg>
<doc>Returns all text of the element, possibly whitespace normalized.</doc>
<status status="PASS" start="2026-06-19T12:22:40.575196" elapsed="0.001331"/>
</kw>
<kw name="Should Be Equal" owner="BuiltIn">
<arg>${api_id}</arg>
<arg>${ui_account_id}</arg>
<doc>Fails if the given objects are unequal.</doc>
<status status="PASS" start="2026-06-19T12:22:40.578148" elapsed="0.001141"/>
</kw>
<kw name="Should Be Equal" owner="BuiltIn">
<arg>${api_type}</arg>
<arg>${ui_account_type}</arg>
<doc>Fails if the given objects are unequal.</doc>
<status status="PASS" start="2026-06-19T12:22:40.580690" elapsed="0.005604"/>
</kw>
<kw name="Log To Console" owner="BuiltIn">
<arg>UI and API match successful</arg>
<doc>Logs the given message to the console.</doc>
<status status="PASS" start="2026-06-19T12:22:40.588453" elapsed="0.001550"/>
</kw>
<kw name="Log To Console" owner="BuiltIn">
<arg>API TYPE = ${api_type}</arg>
<doc>Logs the given message to the console.</doc>
<status status="PASS" start="2026-06-19T12:22:40.591348" elapsed="0.002183"/>
</kw>
<kw name="Log To Console" owner="BuiltIn">
<arg>API BALANCE = ${api_balance}</arg>
<doc>Logs the given message to the console.</doc>
<status status="PASS" start="2026-06-19T12:22:40.595286" elapsed="0.001485"/>
</kw>
<status status="PASS" start="2026-06-19T12:22:13.137062" elapsed="27.460686"/>
</test>
<status status="PASS" start="2026-06-19T12:22:12.798033" elapsed="27.802203"/>
</suite>
<suite id="s1-s2" name="TC-E2E-02" source="C:\Users\Ahuja's\Projects\Parabank\project\tests\E2E\TC-E2E-02.robot">
<kw name="Run Keywords" owner="BuiltIn" type="SETUP">
<kw name="Load Environment" owner="common_keywords">
<kw name="Load Env" owner="environment">
<msg time="2026-06-19T12:22:40.643811" level="INFO">LOADED CONFIG: {'qa': {'baseurl': 'https://parabank.parasoft.com/'}, 'qa_api': {'api_url': 'https://parabank.parasoft.com/parabank/services/bank', 'api_username': 'john', 'api_password': 'demo', 'account_id': '13344'}}</msg>
<arg>${ENV}</arg>
<status status="PASS" start="2026-06-19T12:22:40.642166" elapsed="0.001852"/>
</kw>
<kw name="Get Env" owner="environment">
<msg time="2026-06-19T12:22:40.644663" level="INFO">${url} = https://parabank.parasoft.com/</msg>
<var>${url}</var>
<arg>baseurl</arg>
<status status="PASS" start="2026-06-19T12:22:40.644404" elapsed="0.000296"/>
</kw>
<kw name="Set Global Variable" owner="BuiltIn">
<msg time="2026-06-19T12:22:40.645351" level="INFO">${BASE_URL} = https://parabank.parasoft.com/</msg>
<arg>${BASE_URL}</arg>
<arg>${url}</arg>
<doc>Makes a variable available globally in all tests and suites.</doc>
<status status="PASS" start="2026-06-19T12:22:40.644856" elapsed="0.000550"/>
</kw>
<doc>Loads environment configuration</doc>
<status status="PASS" start="2026-06-19T12:22:40.641918" elapsed="0.003618"/>
</kw>
<kw name="Setup API" owner="api_keywords">
<kw name="Load Env" owner="environment">
<msg time="2026-06-19T12:22:40.647023" level="INFO">LOADED CONFIG: {'qa': {'baseurl': 'https://parabank.parasoft.com/'}, 'qa_api': {'api_url': 'https://parabank.parasoft.com/parabank/services/bank', 'api_username': 'john', 'api_password': 'demo', 'account_id': '13344'}}</msg>
<arg>qa_api</arg>
<status status="PASS" start="2026-06-19T12:22:40.645979" elapsed="0.001115"/>
</kw>
<kw name="Get Env" owner="environment">
<msg time="2026-06-19T12:22:40.647399" level="INFO">${API_BASE_URL} = https://parabank.parasoft.com/parabank/services/bank</msg>
<var>${API_BASE_URL}</var>
<arg>api_url</arg>
<status status="PASS" start="2026-06-19T12:22:40.647228" elapsed="0.000204"/>
</kw>
<kw name="Get Env" owner="environment">
<msg time="2026-06-19T12:22:40.647683" level="INFO">${USERNAME} = john</msg>
<var>${USERNAME}</var>
<arg>api_username</arg>
<status status="PASS" start="2026-06-19T12:22:40.647556" elapsed="0.000159"/>
</kw>
<kw name="Get Env" owner="environment">
<msg time="2026-06-19T12:22:40.647949" level="INFO">${PASSWORD} = demo</msg>
<var>${PASSWORD}</var>
<arg>api_password</arg>
<status status="PASS" start="2026-06-19T12:22:40.647830" elapsed="0.000148"/>
</kw>
<kw name="Get Env" owner="environment">
<msg time="2026-06-19T12:22:40.648208" level="INFO">${ACCOUNT_ID} = 13344</msg>
<var>${ACCOUNT_ID}</var>
<arg>account_id</arg>
<status status="PASS" start="2026-06-19T12:22:40.648088" elapsed="0.000150"/>
</kw>
<kw name="Set Suite Variable" owner="BuiltIn">
<msg time="2026-06-19T12:22:40.648711" level="INFO">${API_BASE_URL} = https://parabank.parasoft.com/parabank/services/bank</msg>
<arg>${API_BASE_URL}</arg>
<doc>Makes a variable available everywhere within the scope of the current suite.</doc>
<status status="PASS" start="2026-06-19T12:22:40.648388" elapsed="0.000368"/>
</kw>
<kw name="Set Suite Variable" owner="BuiltIn">
<msg time="2026-06-19T12:22:40.649175" level="INFO">${USERNAME} = john</msg>
<arg>${USERNAME}</arg>
<doc>Makes a variable available everywhere within the scope of the current suite.</doc>
<status status="PASS" start="2026-06-19T12:22:40.648881" elapsed="0.000339"/>
</kw>
<kw name="Set Suite Variable" owner="BuiltIn">
<msg time="2026-06-19T12:22:40.649646" level="INFO">${PASSWORD} = demo</msg>
<arg>${PASSWORD}</arg>
<doc>Makes a variable available everywhere within the scope of the current suite.</doc>
<status status="PASS" start="2026-06-19T12:22:40.649368" elapsed="0.000325"/>
</kw>
<kw name="Set Suite Variable" owner="BuiltIn">
<msg time="2026-06-19T12:22:40.650110" level="INFO">${ACCOUNT_ID} = 13344</msg>
<arg>${ACCOUNT_ID}</arg>
<doc>Makes a variable available everywhere within the scope of the current suite.</doc>
<status status="PASS" start="2026-06-19T12:22:40.649813" elapsed="0.000347"/>
</kw>
<kw name="Create API Session" owner="api_keywords">
<kw name="Create Session" owner="RequestsLibrary">
<msg time="2026-06-19T12:22:40.650771" level="INFO">Creating Session using : alias=parabank, url=https://parabank.parasoft.com/parabank/services/bank, headers={},                     cookies={}, auth=None, timeout=None, proxies=None, verify=False,                     debug=0 </msg>
<arg>parabank</arg>
<arg>${API_BASE_URL}</arg>
<arg>verify=False</arg>
<doc>Create Session: create a HTTP session to a server</doc>
<status status="PASS" start="2026-06-19T12:22:40.650533" elapsed="0.000420"/>
</kw>
<status status="PASS" start="2026-06-19T12:22:40.650349" elapsed="0.000738"/>
</kw>
<status status="PASS" start="2026-06-19T12:22:40.645781" elapsed="0.005370"/>
</kw>
<arg>Load Environment</arg>
<arg>AND</arg>
<arg>Setup API</arg>
<doc>Executes all the given keywords in a sequence.</doc>
<status status="PASS" start="2026-06-19T12:22:40.641325" elapsed="0.009894"/>
</kw>
<test id="s1-s2-t1" name="API Returns Updated Balance After Fund Transfer Via UI" line="11">
<kw name="Open Application" owner="common_keywords">
<kw name="Open Browser" owner="SeleniumLibrary">
<msg time="2026-06-19T12:22:40.653100" level="INFO">Opening browser 'chrome' to base url 'https://parabank.parasoft.com/'.</msg>
<arg>${BASE_URL}</arg>
<arg>${BROWSER}</arg>
<doc>Opens a new browser instance to the optional ``url``.</doc>
<status status="PASS" start="2026-06-19T12:22:40.652878" elapsed="5.128500"/>
</kw>
<kw name="Maximize Browser Window" owner="SeleniumLibrary">
<doc>Maximizes current browser window.</doc>
<status status="PASS" start="2026-06-19T12:22:45.782159" elapsed="0.105546"/>
</kw>
<doc>Opening the application</doc>
<status status="PASS" start="2026-06-19T12:22:40.652162" elapsed="5.235863"/>
</kw>
<kw name="Create New Savings Bank Account Successfully" owner="common_keywords">
<kw name="Register User Or Login User" owner="common_keywords">
<kw name="Try Login" owner="common_keywords">
<kw name="Enter username" owner="LoginPage">
<kw name="Input Text" owner="SeleniumLibrary">
<msg time="2026-06-19T12:22:45.892647" level="INFO">Typing text 'john' into text field 'xpath=//input[@name="username"]'.</msg>
<arg>${username_input}</arg>
<arg>${username}</arg>
<doc>Types the given ``text`` into the text field identified by ``locator``.</doc>
<status status="PASS" start="2026-06-19T12:22:45.892008" elapsed="0.175083"/>
</kw>
<arg>john</arg>
<status status="PASS" start="2026-06-19T12:22:45.891376" elapsed="0.175894"/>
</kw>
<kw name="Enter password" owner="LoginPage">
<kw name="Input Text" owner="SeleniumLibrary">
<msg time="2026-06-19T12:22:46.068401" level="INFO">Typing text 'demo' into text field 'xpath=//input[@name="password"]'.</msg>
<arg>${password_input}</arg>
<arg>${password}</arg>
<doc>Types the given ``text`` into the text field identified by ``locator``.</doc>
<status status="PASS" start="2026-06-19T12:22:46.067989" elapsed="0.117096"/>
</kw>
<arg>demo</arg>
<status status="PASS" start="2026-06-19T12:22:46.067518" elapsed="0.117735"/>
</kw>
<kw name="Click Login Button" owner="LoginPage">
<kw name="Click Element" owner="SeleniumLibrary">
<msg time="2026-06-19T12:22:46.186167" level="INFO">Clicking element 'xpath=//input[@value="Log In"]'.</msg>
<arg>${login_button}</arg>
<doc>Click the element identified by ``locator``.</doc>
<status status="PASS" start="2026-06-19T12:22:46.185879" elapsed="2.207185"/>
</kw>
<status status="PASS" start="2026-06-19T12:22:46.185527" elapsed="2.207718"/>
</kw>
<kw name="Run Keyword And Return Status" owner="BuiltIn">
<kw name="Verify Successful Login" owner="LoginPage">
<kw name="Wait Until Element Is Visible" owner="SeleniumLibrary">
<arg>${Accounts_Overview}</arg>
<arg>30s</arg>
<doc>Waits until the element ``locator`` is visible.</doc>
<status status="PASS" start="2026-06-19T12:22:48.394841" elapsed="0.058360"/>
</kw>
<status status="PASS" start="2026-06-19T12:22:48.394184" elapsed="0.059215"/>
</kw>
<msg time="2026-06-19T12:22:48.453516" level="INFO">${login_success} = True</msg>
<var>${login_success}</var>
<arg>Verify Successful Login</arg>
<doc>Runs the specified keyword and returns the status as a Boolean value.</doc>
<status status="PASS" start="2026-06-19T12:22:48.393489" elapsed="0.060051"/>
</kw>
<return>
<value>${login_success}</value>
<status status="PASS" start="2026-06-19T12:22:48.453613" elapsed="0.000058"/>
</return>
<msg time="2026-06-19T12:22:48.453792" level="INFO">${login_success} = True</msg>
<var>${login_success}</var>
<status status="PASS" start="2026-06-19T12:22:45.890709" elapsed="2.563102"/>
</kw>
<if>
<branch type="IF" condition="not ${login_success}">
<kw name="Register a new user" owner="RegisterPage">
<status status="NOT RUN" start="2026-06-19T12:22:48.454459" elapsed="0.000042"/>
</kw>
<status status="NOT RUN" start="2026-06-19T12:22:48.453958" elapsed="0.000576"/>
</branch>
<status status="PASS" start="2026-06-19T12:22:48.453896" elapsed="0.000669"/>
</if>
<status status="PASS" start="2026-06-19T12:22:45.890054" elapsed="2.564552"/>
</kw>
<kw name="Click Open New Account Button" owner="OpenAccountPage">
<kw name="Wait Until Element Is Visible" owner="SeleniumLibrary">
<arg>${OpenAccount}</arg>
<arg>20s</arg>
<doc>Waits until the element ``locator`` is visible.</doc>
<status status="PASS" start="2026-06-19T12:22:48.455247" elapsed="0.020257"/>
</kw>
<kw name="Click Element" owner="SeleniumLibrary">
<msg time="2026-06-19T12:22:48.475988" level="INFO">Clicking element 'xpath=//a[contains(text(),"Open New Account")]'.</msg>
<arg>${OpenAccount}</arg>
<doc>Click the element identified by ``locator``.</doc>
<status status="PASS" start="2026-06-19T12:22:48.475708" elapsed="0.620259"/>
</kw>
<status status="PASS" start="2026-06-19T12:22:48.454722" elapsed="0.641433"/>
</kw>
<kw name="Sleep" owner="BuiltIn">
<msg time="2026-06-19T12:22:54.096971" level="INFO">Slept 5 seconds.</msg>
<arg>5s</arg>
<doc>Pauses the test executed for the given time.</doc>
<status status="PASS" start="2026-06-19T12:22:49.096321" elapsed="5.000757"/>
</kw>
<kw name="Select Account Type as Savings" owner="OpenAccountPage">
<kw name="Select From List By Label" owner="SeleniumLibrary">
<msg time="2026-06-19T12:22:54.097891" level="INFO">Selecting options from selection list 'id=type' by label SAVINGS.</msg>
<arg>${Account_type}</arg>
<arg>SAVINGS</arg>
<doc>Selects options from selection list ``locator`` by ``labels``.</doc>
<status status="PASS" start="2026-06-19T12:22:54.097579" elapsed="0.187004"/>
</kw>
<status status="PASS" start="2026-06-19T12:22:54.097284" elapsed="0.187494"/>
</kw>
<kw name="Select Existing Account" owner="OpenAccountPage">
<kw name="Select From List By Index" owner="SeleniumLibrary">
<msg time="2026-06-19T12:22:54.286724" level="INFO">Selecting options from selection list 'id=fromAccountId' by index 0.</msg>
<arg>${ChooseExistingAccount}</arg>
<arg>0</arg>
<doc>Selects options from selection list ``locator`` by ``indexes``.</doc>
<status status="PASS" start="2026-06-19T12:22:54.285823" elapsed="0.078669"/>
</kw>
<status status="PASS" start="2026-06-19T12:22:54.285214" elapsed="0.079373"/>
</kw>
<kw name="Click Open Account Button Final" owner="OpenAccountPage">
<kw name="Click Element" owner="SeleniumLibrary">
<msg time="2026-06-19T12:22:54.365241" level="INFO">Clicking element 'xpath=//input[@value="Open New Account"]'.</msg>
<arg>${OpenNewAccountButton}</arg>
<doc>Click the element identified by ``locator``.</doc>
<status status="PASS" start="2026-06-19T12:22:54.365003" elapsed="0.085320"/>
</kw>
<status status="PASS" start="2026-06-19T12:22:54.364736" elapsed="0.085701"/>
</kw>
<kw name="Sleep" owner="BuiltIn">
<msg time="2026-06-19T12:22:59.451492" level="INFO">Slept 5 seconds.</msg>
<arg>5s</arg>
<doc>Pauses the test executed for the given time.</doc>
<status status="PASS" start="2026-06-19T12:22:54.450582" elapsed="5.001142"/>
</kw>
<kw name="Verify Successful Account Creation" owner="OpenAccountPage">
<kw name="Wait Until Element Is Visible" owner="SeleniumLibrary">
<arg>${AccountOpened}</arg>
<arg>30s</arg>
<doc>Waits until the element ``locator`` is visible.</doc>
<status status="PASS" start="2026-06-19T12:22:59.452739" elapsed="0.032069"/>
</kw>
<status status="PASS" start="2026-06-19T12:22:59.452231" elapsed="0.032899"/>
</kw>
<status status="PASS" start="2026-06-19T12:22:45.889478" elapsed="13.595753"/>
</kw>
<kw name="Login To Parabank" owner="api_keywords">
<kw name="GET On Session" owner="RequestsLibrary">
<msg time="2026-06-19T12:23:01.108104" level="INFO">GET Request : url=https://parabank.parasoft.com/parabank/services/bank/login/john/demo 
 path_url=/parabank/services/bank/login/john/demo 
 headers={'User-Agent': 'python-requests/2.34.2', 'Accept-Encoding': 'gzip, deflate, zstd', 'Accept': '*/*', 'Connection': 'keep-alive'} 
 body=None 
 </msg>
<msg time="2026-06-19T12:23:01.109347" level="INFO">GET Response : url=https://parabank.parasoft.com/parabank/services/bank/login/john/demo 
 status=200, reason=OK 
 headers={'Date': 'Fri, 19 Jun 2026 06:52:59 GMT', 'Content-Type': 'application/xml', 'Transfer-Encoding': 'chunked', 'Connection': 'keep-alive', 'Server': 'cloudflare', 'cf-cache-status': 'DYNAMIC', 'X-Content-Type-Options': 'nosniff', 'Content-Encoding': 'gzip', 'CF-RAY': 'a0e09d364a3adcaa-FRA'} 
 body=&lt;?xml version="1.0" encoding="UTF-8" standalone="yes"?&gt;&lt;customer&gt;&lt;id&gt;12212&lt;/id&gt;&lt;firstName&gt;John&lt;/firstName&gt;&lt;lastName&gt;Smith&lt;/lastName&gt;&lt;address&gt;&lt;street&gt;1431 Main St&lt;/street&gt;&lt;city&gt;Beverly Hills&lt;/city&gt;&lt;state&gt;CA&lt;/state&gt;&lt;zipCode&gt;90210&lt;/zipCode&gt;&lt;/address&gt;&lt;phoneNumber&gt;310-447-4121&lt;/phoneNumber&gt;&lt;ssn&gt;622-11-9999&lt;/ssn&gt;&lt;/customer&gt; 
 </msg>
<msg time="2026-06-19T12:23:01.109471" level="INFO">C:\Users\Ahuja's\Projects\Parabank\project\venv\Lib\site-packages\urllib3\connectionpool.py:1110: InsecureRequestWarning: Unverified HTTPS request is being made to host 'parabank.parasoft.com'. Adding certificate verification is strongly advised. See: https://urllib3.readthedocs.io/en/latest/advanced-usage.html#tls-warnings
  warnings.warn(</msg>
<msg time="2026-06-19T12:23:01.109748" level="INFO">${response} = &lt;Response [200]&gt;</msg>
<var>${response}</var>
<arg>parabank</arg>
<arg>/login/${USERNAME}/${PASSWORD}</arg>
<doc>Sends a GET request on a previously created HTTP Session.</doc>
<status status="PASS" start="2026-06-19T12:22:59.486446" elapsed="1.623347"/>
</kw>
<kw name="Validate Status Code" owner="api_keywords">
<kw name="Should Be Equal As Integers" owner="BuiltIn">
<msg time="2026-06-19T12:23:01.111761" level="INFO">Argument types are:
&lt;class 'int'&gt;
&lt;class 'str'&gt;</msg>
<arg>${response.status_code}</arg>
<arg>${expected_code}</arg>
<doc>Fails if objects are unequal after converting them to integers.</doc>
<status status="PASS" start="2026-06-19T12:23:01.110579" elapsed="0.001290"/>
</kw>
<arg>${response}</arg>
<arg>200</arg>
<status status="PASS" start="2026-06-19T12:23:01.110123" elapsed="0.001865"/>
</kw>
<kw name="Parse Xml" owner="XML">
<msg time="2026-06-19T12:23:01.113591" level="INFO">${xml} = &lt;Element 'customer' at 0x0000021224C09D00&gt;</msg>
<var>${xml}</var>
<arg>${response.text}</arg>
<doc>Parses the given XML file or string into an element structure.</doc>
<status status="PASS" start="2026-06-19T12:23:01.112223" elapsed="0.001389"/>
</kw>
<kw name="Get Element Text" owner="XML">
<msg time="2026-06-19T12:23:01.113882" level="INFO">${customer_id} = 12212</msg>
<var>${customer_id}</var>
<arg>${xml}</arg>
<arg>id</arg>
<doc>Returns all text of the element, possibly whitespace normalized.</doc>
<status status="PASS" start="2026-06-19T12:23:01.113692" elapsed="0.000209"/>
</kw>
<kw name="Set Suite Variable" owner="BuiltIn">
<msg time="2026-06-19T12:23:01.114171" level="INFO">${CUSTOMER_ID} = 12212</msg>
<arg>${CUSTOMER_ID}</arg>
<arg>${customer_id}</arg>
<doc>Makes a variable available everywhere within the scope of the current suite.</doc>
<status status="PASS" start="2026-06-19T12:23:01.113986" elapsed="0.000211"/>
</kw>
<kw name="Log To Console" owner="BuiltIn">
<arg>Customer ID = ${CUSTOMER_ID}</arg>
<doc>Logs the given message to the console.</doc>
<status status="PASS" start="2026-06-19T12:23:01.114268" elapsed="0.000217"/>
</kw>
<status status="PASS" start="2026-06-19T12:22:59.486074" elapsed="1.628460"/>
</kw>
<kw name="Wait Until Page Contains Element" owner="SeleniumLibrary">
<arg>id=newAccountId</arg>
<arg>10s</arg>
<doc>Waits until the element ``locator`` appears on the current page.</doc>
<status status="PASS" start="2026-06-19T12:23:01.114687" elapsed="0.019172"/>
</kw>
<kw name="Get Text" owner="SeleniumLibrary">
<msg time="2026-06-19T12:23:01.176185" level="INFO">${ui_account_id} = 13677</msg>
<var>${ui_account_id}</var>
<arg>id=newAccountId</arg>
<doc>Returns the text value of the element identified by ``locator``.</doc>
<status status="PASS" start="2026-06-19T12:23:01.134438" elapsed="0.041833"/>
</kw>
<kw name="Log To Console" owner="BuiltIn">
<arg>UI ACCOUNT ID = ${ui_account_id}</arg>
<doc>Logs the given message to the console.</doc>
<status status="PASS" start="2026-06-19T12:23:01.176712" elapsed="0.000366"/>
</kw>
<kw name="Get Customer Accounts" owner="api_keywords">
<kw name="GET On Session" owner="RequestsLibrary">
<msg time="2026-06-19T12:23:01.497607" level="INFO">GET Request : url=https://parabank.parasoft.com/parabank/services/bank/customers/12212/accounts 
 path_url=/parabank/services/bank/customers/12212/accounts 
 headers={'User-Agent': 'python-requests/2.34.2', 'Accept-Encoding': 'gzip, deflate, zstd', 'Accept': '*/*', 'Connection': 'keep-alive'} 
 body=None 
 </msg>
<msg time="2026-06-19T12:23:01.506829" level="INFO">GET Response : url=https://parabank.parasoft.com/parabank/services/bank/customers/12212/accounts 
 status=200, reason=OK 
 headers={'Date': 'Fri, 19 Jun 2026 06:53:00 GMT', 'Content-Type': 'application/xml', 'Transfer-Encoding': 'chunked', 'Connection': 'keep-alive', 'Server': 'cloudflare', 'cf-cache-status': 'DYNAMIC', 'X-Content-Type-Options': 'nosniff', 'Content-Encoding': 'gzip', 'CF-RAY': 'a0e09d3cc862dcaa-FRA'} 
 body=&lt;?xml version="1.0" encoding="UTF-8"?&gt;&lt;accounts&gt;&lt;account&gt;&lt;id&gt;12345&lt;/id&gt;&lt;customerId&gt;12212&lt;/customerId&gt;&lt;type&gt;CHECKING&lt;/type&gt;&lt;balance&gt;-2400.00&lt;/balance&gt;&lt;/account&gt;&lt;account&gt;&lt;id&gt;12456&lt;/id&gt;&lt;customerId&gt;12212&lt;/customerId&gt;&lt;type&gt;CHECKING&lt;/type&gt;&lt;balance&gt;10.45&lt;/balance&gt;&lt;/account&gt;&lt;account&gt;&lt;id&gt;12567&lt;/id&gt;&lt;customerId&gt;12212&lt;/customerId&gt;&lt;type&gt;CHECKING&lt;/type&gt;&lt;balance&gt;100.00&lt;/balance&gt;&lt;/account&gt;&lt;account&gt;&lt;id&gt;12678&lt;/id&gt;&lt;customerId&gt;12212&lt;/customerId&gt;&lt;type&gt;SAVINGS&lt;/type&gt;&lt;balance&gt;-100.00&lt;/balance&gt;&lt;/account&gt;&lt;account&gt;&lt;id&gt;12789&lt;/id&gt;&lt;customerId&gt;12212&lt;/customerId&gt;&lt;type&gt;CHECKING&lt;/type&gt;&lt;balance&gt;100.00&lt;/balance&gt;&lt;/account&gt;&lt;account&gt;&lt;id&gt;12900&lt;/id&gt;&lt;customerId&gt;12212&lt;/customerId&gt;&lt;type&gt;CHECKING&lt;/type&gt;&lt;balance&gt;0.00&lt;/balance&gt;&lt;/account&gt;&lt;account&gt;&lt;id&gt;13011&lt;/id&gt;&lt;customerId&gt;12212&lt;/customerId&gt;&lt;type&gt;CHECKING&lt;/type&gt;&lt;balance&gt;100.00&lt;/balance&gt;&lt;/account&gt;&lt;account&gt;&lt;id&gt;13122&lt;/id&gt;&lt;customerId&gt;12212&lt;/customerId&gt;&lt;type&gt;CHECKING&lt;/type&gt;&lt;balance&gt;1100.00&lt;/balance&gt;&lt;/account&gt;&lt;account&gt;&lt;id&gt;13233&lt;/id&gt;&lt;customerId&gt;12212&lt;/customerId&gt;&lt;type&gt;CHECKING&lt;/type&gt;&lt;balance&gt;100.00&lt;/balance&gt;&lt;/account&gt;&lt;account&gt;&lt;id&gt;13344&lt;/id&gt;&lt;customerId&gt;12212&lt;/customerId&gt;&lt;type&gt;SAVINGS&lt;/type&gt;&lt;balance&gt;1131.10&lt;/balance&gt;&lt;/account&gt;&lt;account&gt;&lt;id&gt;13566&lt;/id&gt;&lt;customerId&gt;12212&lt;/customerId&gt;&lt;type&gt;SAVINGS&lt;/type&gt;&lt;balance&gt;100.00&lt;/balance&gt;&lt;/account&gt;&lt;account&gt;&lt;id&gt;13677&lt;/id&gt;&lt;customerId&gt;12212&lt;/customerId&gt;&lt;type&gt;SAVINGS&lt;/type&gt;&lt;balance&gt;100.00&lt;/balance&gt;&lt;/account&gt;&lt;account&gt;&lt;id&gt;54321&lt;/id&gt;&lt;customerId&gt;12212&lt;/customerId&gt;&lt;type&gt;CHECKING&lt;/type&gt;&lt;balance&gt;1351.12&lt;/balance&gt;&lt;/account&gt;&lt;/accounts&gt; 
 </msg>
<msg time="2026-06-19T12:23:01.506935" level="INFO">C:\Users\Ahuja's\Projects\Parabank\project\venv\Lib\site-packages\urllib3\connectionpool.py:1110: InsecureRequestWarning: Unverified HTTPS request is being made to host 'parabank.parasoft.com'. Adding certificate verification is strongly advised. See: https://urllib3.readthedocs.io/en/latest/advanced-usage.html#tls-warnings
  warnings.warn(</msg>
<msg time="2026-06-19T12:23:01.507234" level="INFO">${response} = &lt;Response [200]&gt;</msg>
<var>${response}</var>
<arg>parabank</arg>
<arg>/customers/${CUSTOMER_ID}/accounts</arg>
<doc>Sends a GET request on a previously created HTTP Session.</doc>
<status status="PASS" start="2026-06-19T12:23:01.177653" elapsed="0.329607"/>
</kw>
<kw name="Set Suite Variable" owner="BuiltIn">
<msg time="2026-06-19T12:23:01.508399" level="INFO">${STATUS_CODE} = 200</msg>
<arg>${STATUS_CODE}</arg>
<arg>${response.status_code}</arg>
<doc>Makes a variable available everywhere within the scope of the current suite.</doc>
<status status="PASS" start="2026-06-19T12:23:01.507389" elapsed="0.001049"/>
</kw>
<kw name="Parse Xml" owner="XML">
<msg time="2026-06-19T12:23:01.509207" level="INFO">${xml} = &lt;Element 'accounts' at 0x0000021224C0A4D0&gt;</msg>
<var>${xml}</var>
<arg>${response.text}</arg>
<doc>Parses the given XML file or string into an element structure.</doc>
<status status="PASS" start="2026-06-19T12:23:01.508533" elapsed="0.000696"/>
</kw>
<kw name="Get Elements" owner="XML">
<msg time="2026-06-19T12:23:01.509526" level="INFO">${accounts} = [&lt;Element 'account' at 0x0000021224C0A520&gt;, &lt;Element 'account' at 0x0000021224C0A6B0&gt;, &lt;Element 'account' at 0x0000021224C0A890&gt;, &lt;Element 'account' at 0x0000021224C0AA20&gt;, &lt;Element 'account' at 0x000...</msg>
<var>${accounts}</var>
<arg>${xml}</arg>
<arg>xpath=.//account</arg>
<doc>Returns a list of elements in the ``source`` matching the ``xpath``.</doc>
<status status="PASS" start="2026-06-19T12:23:01.509315" elapsed="0.000230"/>
</kw>
<kw name="Create List" owner="BuiltIn">
<msg time="2026-06-19T12:23:01.509778" level="INFO">${account_list} = []</msg>
<var>${account_list}</var>
<doc>Returns a list containing given items.</doc>
<status status="PASS" start="2026-06-19T12:23:01.509641" elapsed="0.000153"/>
</kw>
<for flavor="IN">
<iter>
<kw name="Get Element Text" owner="XML">
<msg time="2026-06-19T12:23:01.510200" level="INFO">${id} = 12345</msg>
<var>${id}</var>
<arg>${acc}</arg>
<arg>xpath=id</arg>
<doc>Returns all text of the element, possibly whitespace normalized.</doc>
<status status="PASS" start="2026-06-19T12:23:01.510028" elapsed="0.000189"/>
</kw>
<kw name="Append To List" owner="Collections">
<arg>${account_list}</arg>
<arg>${id}</arg>
<doc>Adds ``values`` to the end of ``list``.</doc>
<status status="PASS" start="2026-06-19T12:23:01.510291" elapsed="0.000122"/>
</kw>
<var name="${acc}">&lt;Element 'account' at 0x0000021224C0A520&gt;</var>
<status status="PASS" start="2026-06-19T12:23:01.509954" elapsed="0.000486"/>
</iter>
<iter>
<kw name="Get Element Text" owner="XML">
<msg time="2026-06-19T12:23:01.510761" level="INFO">${id} = 12456</msg>
<var>${id}</var>
<arg>${acc}</arg>
<arg>xpath=id</arg>
<doc>Returns all text of the element, possibly whitespace normalized.</doc>
<status status="PASS" start="2026-06-19T12:23:01.510583" elapsed="0.000194"/>
</kw>
<kw name="Append To List" owner="Collections">
<arg>${account_list}</arg>
<arg>${id}</arg>
<doc>Adds ``values`` to the end of ``list``.</doc>
<status status="PASS" start="2026-06-19T12:23:01.510847" elapsed="0.000107"/>
</kw>
<var name="${acc}">&lt;Element 'account' at 0x0000021224C0A6B0&gt;</var>
<status status="PASS" start="2026-06-19T12:23:01.510520" elapsed="0.000461"/>
</iter>
<iter>
<kw name="Get Element Text" owner="XML">
<msg time="2026-06-19T12:23:01.511252" level="INFO">${id} = 12567</msg>
<var>${id}</var>
<arg>${acc}</arg>
<arg>xpath=id</arg>
<doc>Returns all text of the element, possibly whitespace normalized.</doc>
<status status="PASS" start="2026-06-19T12:23:01.511105" elapsed="0.000164"/>
</kw>
<kw name="Append To List" owner="Collections">
<arg>${account_list}</arg>
<arg>${id}</arg>
<doc>Adds ``values`` to the end of ``list``.</doc>
<status status="PASS" start="2026-06-19T12:23:01.511337" elapsed="0.000099"/>
</kw>
<var name="${acc}">&lt;Element 'account' at 0x0000021224C0A890&gt;</var>
<status status="PASS" start="2026-06-19T12:23:01.511047" elapsed="0.000416"/>
</iter>
<iter>
<kw name="Get Element Text" owner="XML">
<msg time="2026-06-19T12:23:01.511759" level="INFO">${id} = 12678</msg>
<var>${id}</var>
<arg>${acc}</arg>
<arg>xpath=id</arg>
<doc>Returns all text of the element, possibly whitespace normalized.</doc>
<status status="PASS" start="2026-06-19T12:23:01.511580" elapsed="0.000196"/>
</kw>
<kw name="Append To List" owner="Collections">
<arg>${account_list}</arg>
<arg>${id}</arg>
<doc>Adds ``values`` to the end of ``list``.</doc>
<status status="PASS" start="2026-06-19T12:23:01.511845" elapsed="0.000094"/>
</kw>
<var name="${acc}">&lt;Element 'account' at 0x0000021224C0AA20&gt;</var>
<status status="PASS" start="2026-06-19T12:23:01.511523" elapsed="0.000443"/>
</iter>
<iter>
<kw name="Get Element Text" owner="XML">
<msg time="2026-06-19T12:23:01.512227" level="INFO">${id} = 12789</msg>
<var>${id}</var>
<arg>${acc}</arg>
<arg>xpath=id</arg>
<doc>Returns all text of the element, possibly whitespace normalized.</doc>
<status status="PASS" start="2026-06-19T12:23:01.512082" elapsed="0.000161"/>
</kw>
<kw name="Append To List" owner="Collections">
<arg>${account_list}</arg>
<arg>${id}</arg>
<doc>Adds ``values`` to the end of ``list``.</doc>
<status status="PASS" start="2026-06-19T12:23:01.512307" elapsed="0.000091"/>
</kw>
<var name="${acc}">&lt;Element 'account' at 0x0000021224C0ABB0&gt;</var>
<status status="PASS" start="2026-06-19T12:23:01.512026" elapsed="0.000397"/>
</iter>
<iter>
<kw name="Get Element Text" owner="XML">
<msg time="2026-06-19T12:23:01.512708" level="INFO">${id} = 12900</msg>
<var>${id}</var>
<arg>${acc}</arg>
<arg>xpath=id</arg>
<doc>Returns all text of the element, possibly whitespace normalized.</doc>
<status status="PASS" start="2026-06-19T12:23:01.512534" elapsed="0.000191"/>
</kw>
<kw name="Append To List" owner="Collections">
<arg>${account_list}</arg>
<arg>${id}</arg>
<doc>Adds ``values`` to the end of ``list``.</doc>
<status status="PASS" start="2026-06-19T12:23:01.512797" elapsed="0.000096"/>
</kw>
<var name="${acc}">&lt;Element 'account' at 0x0000021224C0AD40&gt;</var>
<status status="PASS" start="2026-06-19T12:23:01.512480" elapsed="0.000447"/>
</iter>
<iter>
<kw name="Get Element Text" owner="XML">
<msg time="2026-06-19T12:23:01.513198" level="INFO">${id} = 13011</msg>
<var>${id}</var>
<arg>${acc}</arg>
<arg>xpath=id</arg>
<doc>Returns all text of the element, possibly whitespace normalized.</doc>
<status status="PASS" start="2026-06-19T12:23:01.513050" elapsed="0.000164"/>
</kw>
<kw name="Append To List" owner="Collections">
<arg>${account_list}</arg>
<arg>${id}</arg>
<doc>Adds ``values`` to the end of ``list``.</doc>
<status status="PASS" start="2026-06-19T12:23:01.513282" elapsed="0.000093"/>
</kw>
<var name="${acc}">&lt;Element 'account' at 0x0000021224C0AED0&gt;</var>
<status status="PASS" start="2026-06-19T12:23:01.512991" elapsed="0.000410"/>
</iter>
<iter>
<kw name="Get Element Text" owner="XML">
<msg time="2026-06-19T12:23:01.513679" level="INFO">${id} = 13122</msg>
<var>${id}</var>
<arg>${acc}</arg>
<arg>xpath=id</arg>
<doc>Returns all text of the element, possibly whitespace normalized.</doc>
<status status="PASS" start="2026-06-19T12:23:01.513512" elapsed="0.000185"/>
</kw>
<kw name="Append To List" owner="Collections">
<arg>${account_list}</arg>
<arg>${id}</arg>
<doc>Adds ``values`` to the end of ``list``.</doc>
<status status="PASS" start="2026-06-19T12:23:01.513772" elapsed="0.000099"/>
</kw>
<var name="${acc}">&lt;Element 'account' at 0x0000021224C0B060&gt;</var>
<status status="PASS" start="2026-06-19T12:23:01.513458" elapsed="0.000440"/>
</iter>
<iter>
<kw name="Get Element Text" owner="XML">
<msg time="2026-06-19T12:23:01.514182" level="INFO">${id} = 13233</msg>
<var>${id}</var>
<arg>${acc}</arg>
<arg>xpath=id</arg>
<doc>Returns all text of the element, possibly whitespace normalized.</doc>
<status status="PASS" start="2026-06-19T12:23:01.514034" elapsed="0.000165"/>
</kw>
<kw name="Append To List" owner="Collections">
<arg>${account_list}</arg>
<arg>${id}</arg>
<doc>Adds ``values`` to the end of ``list``.</doc>
<status status="PASS" start="2026-06-19T12:23:01.514266" elapsed="0.000096"/>
</kw>
<var name="${acc}">&lt;Element 'account' at 0x0000021224C0B1F0&gt;</var>
<status status="PASS" start="2026-06-19T12:23:01.513975" elapsed="0.000413"/>
</iter>
<iter>
<kw name="Get Element Text" owner="XML">
<msg time="2026-06-19T12:23:01.514689" level="INFO">${id} = 13344</msg>
<var>${id}</var>
<arg>${acc}</arg>
<arg>xpath=id</arg>
<doc>Returns all text of the element, possibly whitespace normalized.</doc>
<status status="PASS" start="2026-06-19T12:23:01.514507" elapsed="0.000200"/>
</kw>
<kw name="Append To List" owner="Collections">
<arg>${account_list}</arg>
<arg>${id}</arg>
<doc>Adds ``values`` to the end of ``list``.</doc>
<status status="PASS" start="2026-06-19T12:23:01.514777" elapsed="0.000097"/>
</kw>
<var name="${acc}">&lt;Element 'account' at 0x0000021224C0B380&gt;</var>
<status status="PASS" start="2026-06-19T12:23:01.514448" elapsed="0.000453"/>
</iter>
<iter>
<kw name="Get Element Text" owner="XML">
<msg time="2026-06-19T12:23:01.515158" level="INFO">${id} = 13566</msg>
<var>${id}</var>
<arg>${acc}</arg>
<arg>xpath=id</arg>
<doc>Returns all text of the element, possibly whitespace normalized.</doc>
<status status="PASS" start="2026-06-19T12:23:01.515013" elapsed="0.000160"/>
</kw>
<kw name="Append To List" owner="Collections">
<arg>${account_list}</arg>
<arg>${id}</arg>
<doc>Adds ``values`` to the end of ``list``.</doc>
<status status="PASS" start="2026-06-19T12:23:01.515238" elapsed="0.000091"/>
</kw>
<var name="${acc}">&lt;Element 'account' at 0x0000021224C0B510&gt;</var>
<status status="PASS" start="2026-06-19T12:23:01.514959" elapsed="0.000395"/>
</iter>
<iter>
<kw name="Get Element Text" owner="XML">
<msg time="2026-06-19T12:23:01.515637" level="INFO">${id} = 13677</msg>
<var>${id}</var>
<arg>${acc}</arg>
<arg>xpath=id</arg>
<doc>Returns all text of the element, possibly whitespace normalized.</doc>
<status status="PASS" start="2026-06-19T12:23:01.515465" elapsed="0.000190"/>
</kw>
<kw name="Append To List" owner="Collections">
<arg>${account_list}</arg>
<arg>${id}</arg>
<doc>Adds ``values`` to the end of ``list``.</doc>
<status status="PASS" start="2026-06-19T12:23:01.515722" elapsed="0.000097"/>
</kw>
<var name="${acc}">&lt;Element 'account' at 0x0000021224C0B6A0&gt;</var>
<status status="PASS" start="2026-06-19T12:23:01.515411" elapsed="0.000435"/>
</iter>
<iter>
<kw name="Get Element Text" owner="XML">
<msg time="2026-06-19T12:23:01.516554" level="INFO">${id} = 54321</msg>
<var>${id}</var>
<arg>${acc}</arg>
<arg>xpath=id</arg>
<doc>Returns all text of the element, possibly whitespace normalized.</doc>
<status status="PASS" start="2026-06-19T12:23:01.515960" elapsed="0.000626"/>
</kw>
<kw name="Append To List" owner="Collections">
<arg>${account_list}</arg>
<arg>${id}</arg>
<doc>Adds ``values`` to the end of ``list``.</doc>
<status status="PASS" start="2026-06-19T12:23:01.516689" elapsed="0.000133"/>
</kw>
<var name="${acc}">&lt;Element 'account' at 0x0000021224C0B830&gt;</var>
<status status="PASS" start="2026-06-19T12:23:01.515905" elapsed="0.000950"/>
</iter>
<var>${acc}</var>
<value>@{accounts}</value>
<status status="PASS" start="2026-06-19T12:23:01.509841" elapsed="0.007048"/>
</for>
<kw name="Set Suite Variable" owner="BuiltIn">
<msg time="2026-06-19T12:23:01.517298" level="INFO">${ACCOUNT_LIST} = ['12345', '12456', '12567', '12678', '12789', '12900', '13011', '13122', '13233', '13344', '13566', '13677', '54321']</msg>
<arg>${ACCOUNT_LIST}</arg>
<arg>${account_list}</arg>
<doc>Makes a variable available everywhere within the scope of the current suite.</doc>
<status status="PASS" start="2026-06-19T12:23:01.516991" elapsed="0.000338"/>
</kw>
<status status="PASS" start="2026-06-19T12:23:01.177426" elapsed="0.339950"/>
</kw>
<kw name="Get From List" owner="Collections">
<msg time="2026-06-19T12:23:01.517863" level="INFO">${account_a} = 12345</msg>
<var>${account_a}</var>
<arg>${ACCOUNT_LIST}</arg>
<arg>0</arg>
<doc>Returns the value specified with an ``index`` from ``list``.</doc>
<status status="PASS" start="2026-06-19T12:23:01.517710" elapsed="0.000173"/>
</kw>
<kw name="Set Variable If" owner="BuiltIn">
<msg time="2026-06-19T12:23:01.518736" level="INFO">${account_b} = 12456</msg>
<var>${account_b}</var>
<arg>len(${ACCOUNT_LIST}) &gt; 1</arg>
<arg>${ACCOUNT_LIST}[1]</arg>
<arg>${ACCOUNT_LIST}[0]</arg>
<doc>Sets variable based on the given condition.</doc>
<status status="PASS" start="2026-06-19T12:23:01.518285" elapsed="0.000475"/>
</kw>
<kw name="Get Account Balance" owner="api_keywords">
<kw name="GET On Session" owner="RequestsLibrary">
<msg time="2026-06-19T12:23:01.838734" level="INFO">GET Request : url=https://parabank.parasoft.com/parabank/services/bank/accounts/12345 
 path_url=/parabank/services/bank/accounts/12345 
 headers={'User-Agent': 'python-requests/2.34.2', 'Accept-Encoding': 'gzip, deflate, zstd', 'Accept': '*/*', 'Connection': 'keep-alive'} 
 body=None 
 </msg>
<msg time="2026-06-19T12:23:01.839282" level="INFO">GET Response : url=https://parabank.parasoft.com/parabank/services/bank/accounts/12345 
 status=200, reason=OK 
 headers={'Date': 'Fri, 19 Jun 2026 06:53:00 GMT', 'Content-Type': 'application/xml', 'Transfer-Encoding': 'chunked', 'Connection': 'keep-alive', 'Server': 'cloudflare', 'cf-cache-status': 'DYNAMIC', 'X-Content-Type-Options': 'nosniff', 'Content-Encoding': 'gzip', 'CF-RAY': 'a0e09d3eefe4dcaa-FRA'} 
 body=&lt;?xml version="1.0" encoding="UTF-8" standalone="yes"?&gt;&lt;account&gt;&lt;id&gt;12345&lt;/id&gt;&lt;customerId&gt;12212&lt;/customerId&gt;&lt;type&gt;CHECKING&lt;/type&gt;&lt;balance&gt;-2400.00&lt;/balance&gt;&lt;/account&gt; 
 </msg>
<msg time="2026-06-19T12:23:01.839339" level="INFO">C:\Users\Ahuja's\Projects\Parabank\project\venv\Lib\site-packages\urllib3\connectionpool.py:1110: InsecureRequestWarning: Unverified HTTPS request is being made to host 'parabank.parasoft.com'. Adding certificate verification is strongly advised. See: https://urllib3.readthedocs.io/en/latest/advanced-usage.html#tls-warnings
  warnings.warn(</msg>
<msg time="2026-06-19T12:23:01.839572" level="INFO">${response} = &lt;Response [200]&gt;</msg>
<var>${response}</var>
<arg>parabank</arg>
<arg>/accounts/${account_id}</arg>
<doc>Sends a GET request on a previously created HTTP Session.</doc>
<status status="PASS" start="2026-06-19T12:23:01.519379" elapsed="0.320236"/>
</kw>
<kw name="Parse Xml" owner="XML">
<msg time="2026-06-19T12:23:01.841469" level="INFO">${xml} = &lt;Element 'account' at 0x0000021226124680&gt;</msg>
<var>${xml}</var>
<arg>${response.text}</arg>
<doc>Parses the given XML file or string into an element structure.</doc>
<status status="PASS" start="2026-06-19T12:23:01.839849" elapsed="0.001646"/>
</kw>
<kw name="Get Element Text" owner="XML">
<msg time="2026-06-19T12:23:01.841813" level="INFO">${balance} = -2400.00</msg>
<var>${balance}</var>
<arg>${xml}</arg>
<arg>balance</arg>
<doc>Returns all text of the element, possibly whitespace normalized.</doc>
<status status="PASS" start="2026-06-19T12:23:01.841622" elapsed="0.000209"/>
</kw>
<return>
<value>${balance}</value>
<status status="PASS" start="2026-06-19T12:23:01.841873" elapsed="0.000031"/>
</return>
<msg time="2026-06-19T12:23:01.841983" level="INFO">${before_a} = -2400.00</msg>
<var>${before_a}</var>
<arg>${account_a}</arg>
<status status="PASS" start="2026-06-19T12:23:01.519169" elapsed="0.322829"/>
</kw>
<kw name="Get Account Balance" owner="api_keywords">
<kw name="GET On Session" owner="RequestsLibrary">
<msg time="2026-06-19T12:23:03.284707" level="INFO">GET Request : url=https://parabank.parasoft.com/parabank/services/bank/accounts/12456 
 path_url=/parabank/services/bank/accounts/12456 
 headers={'User-Agent': 'python-requests/2.34.2', 'Accept-Encoding': 'gzip, deflate, zstd', 'Accept': '*/*', 'Connection': 'keep-alive'} 
 body=None 
 </msg>
<msg time="2026-06-19T12:23:03.285944" level="INFO">GET Response : url=https://parabank.parasoft.com/parabank/services/bank/accounts/12456 
 status=200, reason=OK 
 headers={'Date': 'Fri, 19 Jun 2026 06:53:01 GMT', 'Content-Type': 'application/xml', 'Transfer-Encoding': 'chunked', 'Connection': 'keep-alive', 'Server': 'cloudflare', 'cf-cache-status': 'DYNAMIC', 'X-Content-Type-Options': 'nosniff', 'Content-Encoding': 'gzip', 'CF-RAY': 'a0e09d40fedcdcaa-FRA'} 
 body=&lt;?xml version="1.0" encoding="UTF-8" standalone="yes"?&gt;&lt;account&gt;&lt;id&gt;12456&lt;/id&gt;&lt;customerId&gt;12212&lt;/customerId&gt;&lt;type&gt;CHECKING&lt;/type&gt;&lt;balance&gt;10.45&lt;/balance&gt;&lt;/account&gt; 
 </msg>
<msg time="2026-06-19T12:23:03.286095" level="INFO">C:\Users\Ahuja's\Projects\Parabank\project\venv\Lib\site-packages\urllib3\connectionpool.py:1110: InsecureRequestWarning: Unverified HTTPS request is being made to host 'parabank.parasoft.com'. Adding certificate verification is strongly advised. See: https://urllib3.readthedocs.io/en/latest/advanced-usage.html#tls-warnings
  warnings.warn(</msg>
<msg time="2026-06-19T12:23:03.286395" level="INFO">${response} = &lt;Response [200]&gt;</msg>
<var>${response}</var>
<arg>parabank</arg>
<arg>/accounts/${account_id}</arg>
<doc>Sends a GET request on a previously created HTTP Session.</doc>
<status status="PASS" start="2026-06-19T12:23:01.842823" elapsed="1.443617"/>
</kw>
<kw name="Parse Xml" owner="XML">
<msg time="2026-06-19T12:23:03.288239" level="INFO">${xml} = &lt;Element 'account' at 0x0000021226124BD0&gt;</msg>
<var>${xml}</var>
<arg>${response.text}</arg>
<doc>Parses the given XML file or string into an element structure.</doc>
<status status="PASS" start="2026-06-19T12:23:03.286692" elapsed="0.001602"/>
</kw>
<kw name="Get Element Text" owner="XML">
<msg time="2026-06-19T12:23:03.288919" level="INFO">${balance} = 10.45</msg>
<var>${balance}</var>
<arg>${xml}</arg>
<arg>balance</arg>
<doc>Returns all text of the element, possibly whitespace normalized.</doc>
<status status="PASS" start="2026-06-19T12:23:03.288503" elapsed="0.000458"/>
</kw>
<return>
<value>${balance}</value>
<status status="PASS" start="2026-06-19T12:23:03.289050" elapsed="0.000096"/>
</return>
<msg time="2026-06-19T12:23:03.289337" level="INFO">${before_b} = 10.45</msg>
<var>${before_b}</var>
<arg>${account_b}</arg>
<status status="PASS" start="2026-06-19T12:23:01.842426" elapsed="1.446949"/>
</kw>
<kw name="Transfer Funds Between Accounts Successfully" owner="common_keywords">
<kw name="Click Transfer Funds Button" owner="TransferFundPage">
<kw name="Wait Until Element Is Visible" owner="SeleniumLibrary">
<arg>${transferFunds_button}</arg>
<arg>20s</arg>
<doc>Waits until the element ``locator`` is visible.</doc>
<status status="PASS" start="2026-06-19T12:23:03.290610" elapsed="0.030973"/>
</kw>
<kw name="Click Element" owner="SeleniumLibrary">
<msg time="2026-06-19T12:23:03.322463" level="INFO">Clicking element 'xpath=//a[contains(text(),"Transfer Funds")]'.</msg>
<arg>${transferFunds_button}</arg>
<doc>Click the element identified by ``locator``.</doc>
<status status="PASS" start="2026-06-19T12:23:03.322037" elapsed="0.643075"/>
</kw>
<status status="PASS" start="2026-06-19T12:23:03.290302" elapsed="0.675052"/>
</kw>
<kw name="Sleep" owner="BuiltIn">
<msg time="2026-06-19T12:23:08.967034" level="INFO">Slept 5 seconds.</msg>
<arg>5s</arg>
<doc>Pauses the test executed for the given time.</doc>
<status status="PASS" start="2026-06-19T12:23:03.965651" elapsed="5.001532"/>
</kw>
<kw name="Enter Amount" owner="TransferFundPage">
<kw name="Input Text" owner="SeleniumLibrary">
<msg time="2026-06-19T12:23:08.968275" level="INFO">Typing text '5' into text field 'id=amount'.</msg>
<arg>${amount_input}</arg>
<arg>${amount}</arg>
<doc>Types the given ``text`` into the text field identified by ``locator``.</doc>
<status status="PASS" start="2026-06-19T12:23:08.967938" elapsed="0.143758"/>
</kw>
<arg>5</arg>
<status status="PASS" start="2026-06-19T12:23:08.967490" elapsed="0.144482"/>
</kw>
<kw name="Select From Account" owner="TransferFundPage">
<kw name="Select From List By Index" owner="SeleniumLibrary">
<msg time="2026-06-19T12:23:09.113740" level="INFO">Selecting options from selection list 'id=fromAccountId' by index 0.</msg>
<arg>${from_account_dropdown}</arg>
<arg>${from_account_index}</arg>
<doc>Selects options from selection list ``locator`` by ``indexes``.</doc>
<status status="PASS" start="2026-06-19T12:23:09.113296" elapsed="0.062171"/>
</kw>
<arg>0</arg>
<status status="PASS" start="2026-06-19T12:23:09.112488" elapsed="0.063068"/>
</kw>
<kw name="Select To Account" owner="TransferFundPage">
<kw name="Select From List By Index" owner="SeleniumLibrary">
<msg time="2026-06-19T12:23:09.176123" level="INFO">Selecting options from selection list 'id=toAccountId' by index 1.</msg>
<arg>${to_account_dropdown}</arg>
<arg>${to_account_index}</arg>
<doc>Selects options from selection list ``locator`` by ``indexes``.</doc>
<status status="PASS" start="2026-06-19T12:23:09.175908" elapsed="0.118469"/>
</kw>
<arg>1</arg>
<status status="PASS" start="2026-06-19T12:23:09.175696" elapsed="0.118827"/>
</kw>
<kw name="Click Transfer Button" owner="TransferFundPage">
<kw name="Click Element" owner="SeleniumLibrary">
<msg time="2026-06-19T12:23:09.295500" level="INFO">Clicking element 'xpath=//input[@value="Transfer"]'.</msg>
<arg>${transfer_button}</arg>
<doc>Click the element identified by ``locator``.</doc>
<status status="PASS" start="2026-06-19T12:23:09.295137" elapsed="0.103422"/>
</kw>
<status status="PASS" start="2026-06-19T12:23:09.294751" elapsed="0.103971"/>
</kw>
<kw name="Sleep" owner="BuiltIn">
<msg time="2026-06-19T12:23:14.400217" level="INFO">Slept 5 seconds.</msg>
<arg>5s</arg>
<doc>Pauses the test executed for the given time.</doc>
<status status="PASS" start="2026-06-19T12:23:09.398973" elapsed="5.001399"/>
</kw>
<kw name="Verify Successful Transaction" owner="TransferFundPage">
<kw name="Wait Until Element Is Visible" owner="SeleniumLibrary">
<arg>${transfer_confirmation}</arg>
<arg>30s</arg>
<doc>Waits until the element ``locator`` is visible.</doc>
<status status="PASS" start="2026-06-19T12:23:14.401134" elapsed="0.035420"/>
</kw>
<status status="PASS" start="2026-06-19T12:23:14.400671" elapsed="0.036083"/>
</kw>
<status status="PASS" start="2026-06-19T12:23:03.289851" elapsed="11.146989"/>
</kw>
<kw name="Get Account Balance" owner="api_keywords">
<kw name="GET On Session" owner="RequestsLibrary">
<msg time="2026-06-19T12:23:15.981765" level="INFO">GET Request : url=https://parabank.parasoft.com/parabank/services/bank/accounts/12345 
 path_url=/parabank/services/bank/accounts/12345 
 headers={'User-Agent': 'python-requests/2.34.2', 'Accept-Encoding': 'gzip, deflate, zstd', 'Accept': '*/*', 'Connection': 'keep-alive'} 
 body=None 
 </msg>
<msg time="2026-06-19T12:23:15.983046" level="INFO">GET Response : url=https://parabank.parasoft.com/parabank/services/bank/accounts/12345 
 status=200, reason=OK 
 headers={'Date': 'Fri, 19 Jun 2026 06:53:13 GMT', 'Content-Type': 'application/xml', 'Transfer-Encoding': 'chunked', 'Connection': 'keep-alive', 'Server': 'cloudflare', 'cf-cache-status': 'DYNAMIC', 'X-Content-Type-Options': 'nosniff', 'Content-Encoding': 'gzip', 'CF-RAY': 'a0e09d8fda69dcaa-FRA'} 
 body=&lt;?xml version="1.0" encoding="UTF-8" standalone="yes"?&gt;&lt;account&gt;&lt;id&gt;12345&lt;/id&gt;&lt;customerId&gt;12212&lt;/customerId&gt;&lt;type&gt;CHECKING&lt;/type&gt;&lt;balance&gt;-2405.00&lt;/balance&gt;&lt;/account&gt; 
 </msg>
<msg time="2026-06-19T12:23:15.983169" level="INFO">C:\Users\Ahuja's\Projects\Parabank\project\venv\Lib\site-packages\urllib3\connectionpool.py:1110: InsecureRequestWarning: Unverified HTTPS request is being made to host 'parabank.parasoft.com'. Adding certificate verification is strongly advised. See: https://urllib3.readthedocs.io/en/latest/advanced-usage.html#tls-warnings
  warnings.warn(</msg>
<msg time="2026-06-19T12:23:15.983472" level="INFO">${response} = &lt;Response [200]&gt;</msg>
<var>${response}</var>
<arg>parabank</arg>
<arg>/accounts/${account_id}</arg>
<doc>Sends a GET request on a previously created HTTP Session.</doc>
<status status="PASS" start="2026-06-19T12:23:14.437875" elapsed="1.545680"/>
</kw>
<kw name="Parse Xml" owner="XML">
<msg time="2026-06-19T12:23:15.984672" level="INFO">${xml} = &lt;Element 'account' at 0x00000212261260C0&gt;</msg>
<var>${xml}</var>
<arg>${response.text}</arg>
<doc>Parses the given XML file or string into an element structure.</doc>
<status status="PASS" start="2026-06-19T12:23:15.983857" elapsed="0.000841"/>
</kw>
<kw name="Get Element Text" owner="XML">
<msg time="2026-06-19T12:23:15.985008" level="INFO">${balance} = -2405.00</msg>
<var>${balance}</var>
<arg>${xml}</arg>
<arg>balance</arg>
<doc>Returns all text of the element, possibly whitespace normalized.</doc>
<status status="PASS" start="2026-06-19T12:23:15.984803" elapsed="0.000225"/>
</kw>
<return>
<value>${balance}</value>
<status status="PASS" start="2026-06-19T12:23:15.985109" elapsed="0.000063"/>
</return>
<msg time="2026-06-19T12:23:15.985352" level="INFO">${after_a} = -2405.00</msg>
<var>${after_a}</var>
<arg>${account_a}</arg>
<status status="PASS" start="2026-06-19T12:23:14.437630" elapsed="1.547759"/>
</kw>
<kw name="Get Account Balance" owner="api_keywords">
<kw name="GET On Session" owner="RequestsLibrary">
<msg time="2026-06-19T12:23:16.722097" level="INFO">GET Request : url=https://parabank.parasoft.com/parabank/services/bank/accounts/12456 
 path_url=/parabank/services/bank/accounts/12456 
 headers={'User-Agent': 'python-requests/2.34.2', 'Accept-Encoding': 'gzip, deflate, zstd', 'Accept': '*/*', 'Connection': 'keep-alive'} 
 body=None 
 </msg>
<msg time="2026-06-19T12:23:16.723299" level="INFO">GET Response : url=https://parabank.parasoft.com/parabank/services/bank/accounts/12456 
 status=200, reason=OK 
 headers={'Date': 'Fri, 19 Jun 2026 06:53:15 GMT', 'Content-Type': 'application/xml', 'Transfer-Encoding': 'chunked', 'Connection': 'keep-alive', 'Server': 'cloudflare', 'cf-cache-status': 'DYNAMIC', 'X-Content-Type-Options': 'nosniff', 'Content-Encoding': 'gzip', 'CF-RAY': 'a0e09d994c2adcaa-FRA'} 
 body=&lt;?xml version="1.0" encoding="UTF-8" standalone="yes"?&gt;&lt;account&gt;&lt;id&gt;12456&lt;/id&gt;&lt;customerId&gt;12212&lt;/customerId&gt;&lt;type&gt;CHECKING&lt;/type&gt;&lt;balance&gt;15.45&lt;/balance&gt;&lt;/account&gt; 
 </msg>
<msg time="2026-06-19T12:23:16.723428" level="INFO">C:\Users\Ahuja's\Projects\Parabank\project\venv\Lib\site-packages\urllib3\connectionpool.py:1110: InsecureRequestWarning: Unverified HTTPS request is being made to host 'parabank.parasoft.com'. Adding certificate verification is strongly advised. See: https://urllib3.readthedocs.io/en/latest/advanced-usage.html#tls-warnings
  warnings.warn(</msg>
<msg time="2026-06-19T12:23:16.724017" level="INFO">${response} = &lt;Response [200]&gt;</msg>
<var>${response}</var>
<arg>parabank</arg>
<arg>/accounts/${account_id}</arg>
<doc>Sends a GET request on a previously created HTTP Session.</doc>
<status status="PASS" start="2026-06-19T12:23:15.986567" elapsed="0.737503"/>
</kw>
<kw name="Parse Xml" owner="XML">
<msg time="2026-06-19T12:23:16.727850" level="INFO">${xml} = &lt;Element 'account' at 0x0000021226126840&gt;</msg>
<var>${xml}</var>
<arg>${response.text}</arg>
<doc>Parses the given XML file or string into an element structure.</doc>
<status status="PASS" start="2026-06-19T12:23:16.724420" elapsed="0.003495"/>
</kw>
<kw name="Get Element Text" owner="XML">
<msg time="2026-06-19T12:23:16.728604" level="INFO">${balance} = 15.45</msg>
<var>${balance}</var>
<arg>${xml}</arg>
<arg>balance</arg>
<doc>Returns all text of the element, possibly whitespace normalized.</doc>
<status status="PASS" start="2026-06-19T12:23:16.728153" elapsed="0.000493"/>
</kw>
<return>
<value>${balance}</value>
<status status="PASS" start="2026-06-19T12:23:16.728739" elapsed="0.000062"/>
</return>
<msg time="2026-06-19T12:23:16.728979" level="INFO">${after_b} = 15.45</msg>
<var>${after_b}</var>
<arg>${account_b}</arg>
<status status="PASS" start="2026-06-19T12:23:15.986074" elapsed="0.742952"/>
</kw>
<kw name="Should Be True" owner="BuiltIn">
<arg>${after_a} &lt; ${before_a}</arg>
<doc>Fails if the given condition is not true.</doc>
<status status="PASS" start="2026-06-19T12:23:16.729520" elapsed="0.000534"/>
</kw>
<kw name="Should Be True" owner="BuiltIn">
<arg>${after_b} &gt; ${before_b}</arg>
<doc>Fails if the given condition is not true.</doc>
<status status="PASS" start="2026-06-19T12:23:16.730679" elapsed="0.000324"/>
</kw>
<status status="PASS" start="2026-06-19T12:22:40.651336" elapsed="36.080034"/>
</test>
<status status="PASS" start="2026-06-19T12:22:40.603766" elapsed="36.128336"/>
</suite>
<suite id="s1-s3" name="TC-E2E-03" source="C:\Users\Ahuja's\Projects\Parabank\project\tests\E2E\TC-E2E-03.robot">
<kw name="Run Keywords" owner="BuiltIn" type="SETUP">
<kw name="Load Environment" owner="common_keywords">
<kw name="Load Env" owner="environment">
<msg time="2026-06-19T12:23:16.741980" level="INFO">LOADED CONFIG: {'qa': {'baseurl': 'https://parabank.parasoft.com/'}, 'qa_api': {'api_url': 'https://parabank.parasoft.com/parabank/services/bank', 'api_username': 'john', 'api_password': 'demo', 'account_id': '13344'}}</msg>
<arg>${ENV}</arg>
<status status="PASS" start="2026-06-19T12:23:16.741023" elapsed="0.001029"/>
</kw>
<kw name="Get Env" owner="environment">
<msg time="2026-06-19T12:23:16.742319" level="INFO">${url} = https://parabank.parasoft.com/</msg>
<var>${url}</var>
<arg>baseurl</arg>
<status status="PASS" start="2026-06-19T12:23:16.742193" elapsed="0.000145"/>
</kw>
<kw name="Set Global Variable" owner="BuiltIn">
<msg time="2026-06-19T12:23:16.743593" level="INFO">${BASE_URL} = https://parabank.parasoft.com/</msg>
<arg>${BASE_URL}</arg>
<arg>${url}</arg>
<doc>Makes a variable available globally in all tests and suites.</doc>
<status status="PASS" start="2026-06-19T12:23:16.742494" elapsed="0.001258"/>
</kw>
<doc>Loads environment configuration</doc>
<status status="PASS" start="2026-06-19T12:23:16.740842" elapsed="0.003148"/>
</kw>
<kw name="Setup API" owner="api_keywords">
<kw name="Load Env" owner="environment">
<msg time="2026-06-19T12:23:16.745772" level="INFO">LOADED CONFIG: {'qa': {'baseurl': 'https://parabank.parasoft.com/'}, 'qa_api': {'api_url': 'https://parabank.parasoft.com/parabank/services/bank', 'api_username': 'john', 'api_password': 'demo', 'account_id': '13344'}}</msg>
<arg>qa_api</arg>
<status status="PASS" start="2026-06-19T12:23:16.744768" elapsed="0.001524"/>
</kw>
<kw name="Get Env" owner="environment">
<msg time="2026-06-19T12:23:16.746767" level="INFO">${API_BASE_URL} = https://parabank.parasoft.com/parabank/services/bank</msg>
<var>${API_BASE_URL}</var>
<arg>api_url</arg>
<status status="PASS" start="2026-06-19T12:23:16.746510" elapsed="0.000298"/>
</kw>
<kw name="Get Env" owner="environment">
<msg time="2026-06-19T12:23:16.747156" level="INFO">${USERNAME} = john</msg>
<var>${USERNAME}</var>
<arg>api_username</arg>
<status status="PASS" start="2026-06-19T12:23:16.746961" elapsed="0.000222"/>
</kw>
<kw name="Get Env" owner="environment">
<msg time="2026-06-19T12:23:16.747398" level="INFO">${PASSWORD} = demo</msg>
<var>${PASSWORD}</var>
<arg>api_password</arg>
<status status="PASS" start="2026-06-19T12:23:16.747288" elapsed="0.000136"/>
</kw>
<kw name="Get Env" owner="environment">
<msg time="2026-06-19T12:23:16.747620" level="INFO">${ACCOUNT_ID} = 13344</msg>
<var>${ACCOUNT_ID}</var>
<arg>account_id</arg>
<status status="PASS" start="2026-06-19T12:23:16.747519" elapsed="0.000124"/>
</kw>
<kw name="Set Suite Variable" owner="BuiltIn">
<msg time="2026-06-19T12:23:16.748534" level="INFO">${API_BASE_URL} = https://parabank.parasoft.com/parabank/services/bank</msg>
<arg>${API_BASE_URL}</arg>
<doc>Makes a variable available everywhere within the scope of the current suite.</doc>
<status status="PASS" start="2026-06-19T12:23:16.747754" elapsed="0.000861"/>
</kw>
<kw name="Set Suite Variable" owner="BuiltIn">
<msg time="2026-06-19T12:23:16.749217" level="INFO">${USERNAME} = john</msg>
<arg>${USERNAME}</arg>
<doc>Makes a variable available everywhere within the scope of the current suite.</doc>
<status status="PASS" start="2026-06-19T12:23:16.748817" elapsed="0.000449"/>
</kw>
<kw name="Set Suite Variable" owner="BuiltIn">
<msg time="2026-06-19T12:23:16.749692" level="INFO">${PASSWORD} = demo</msg>
<arg>${PASSWORD}</arg>
<doc>Makes a variable available everywhere within the scope of the current suite.</doc>
<status status="PASS" start="2026-06-19T12:23:16.749405" elapsed="0.000328"/>
</kw>
<kw name="Set Suite Variable" owner="BuiltIn">
<msg time="2026-06-19T12:23:16.750271" level="INFO">${ACCOUNT_ID} = 13344</msg>
<arg>${ACCOUNT_ID}</arg>
<doc>Makes a variable available everywhere within the scope of the current suite.</doc>
<status status="PASS" start="2026-06-19T12:23:16.749927" elapsed="0.000392"/>
</kw>
<kw name="Create API Session" owner="api_keywords">
<kw name="Create Session" owner="RequestsLibrary">
<msg time="2026-06-19T12:23:16.750896" level="INFO">Creating Session using : alias=parabank, url=https://parabank.parasoft.com/parabank/services/bank, headers={},                     cookies={}, auth=None, timeout=None, proxies=None, verify=False,                     debug=0 </msg>
<arg>parabank</arg>
<arg>${API_BASE_URL}</arg>
<arg>verify=False</arg>
<doc>Create Session: create a HTTP session to a server</doc>
<status status="PASS" start="2026-06-19T12:23:16.750710" elapsed="0.000327"/>
</kw>
<status status="PASS" start="2026-06-19T12:23:16.750504" elapsed="0.000643"/>
</kw>
<status status="PASS" start="2026-06-19T12:23:16.744410" elapsed="0.006784"/>
</kw>
<arg>Load Environment</arg>
<arg>AND</arg>
<arg>Setup API</arg>
<doc>Executes all the given keywords in a sequence.</doc>
<status status="PASS" start="2026-06-19T12:23:16.740337" elapsed="0.010900"/>
</kw>
<test id="s1-s3-t1" name="Validate Updated Balances Using API After UI Transfer" line="11">
<kw name="Open Application" owner="common_keywords">
<kw name="Open Browser" owner="SeleniumLibrary">
<msg time="2026-06-19T12:23:16.752339" level="INFO">Opening browser 'chrome' to base url 'https://parabank.parasoft.com/'.</msg>
<arg>${BASE_URL}</arg>
<arg>${BROWSER}</arg>
<doc>Opens a new browser instance to the optional ``url``.</doc>
<status status="PASS" start="2026-06-19T12:23:16.752141" elapsed="10.818652"/>
</kw>
<kw name="Maximize Browser Window" owner="SeleniumLibrary">
<doc>Maximizes current browser window.</doc>
<status status="PASS" start="2026-06-19T12:23:27.571201" elapsed="0.110006"/>
</kw>
<doc>Opening the application</doc>
<status status="PASS" start="2026-06-19T12:23:16.751839" elapsed="10.929528"/>
</kw>
<kw name="Login To Parabank" owner="api_keywords">
<kw name="GET On Session" owner="RequestsLibrary">
<msg time="2026-06-19T12:23:30.634973" level="INFO">GET Request : url=https://parabank.parasoft.com/parabank/services/bank/login/john/demo 
 path_url=/parabank/services/bank/login/john/demo 
 headers={'User-Agent': 'python-requests/2.34.2', 'Accept-Encoding': 'gzip, deflate, zstd', 'Accept': '*/*', 'Connection': 'keep-alive'} 
 body=None 
 </msg>
<msg time="2026-06-19T12:23:30.635209" level="INFO">GET Response : url=https://parabank.parasoft.com/parabank/services/bank/login/john/demo 
 status=200, reason=OK 
 headers={'Date': 'Fri, 19 Jun 2026 06:53:28 GMT', 'Content-Type': 'application/xml', 'Transfer-Encoding': 'chunked', 'Connection': 'keep-alive', 'Server': 'cloudflare', 'cf-cache-status': 'DYNAMIC', 'Content-Security-Policy-Report-Only': "script-src 'unsafe-inline' 'unsafe-eval'; report-uri https://csp-reporting.cloudflare.com/cdn-cgi/script_monitor/report?m=X2wMPUJC1aDCOKu2ETaBuKUgrVtxr.8lRrfm2w2SBpI-1781852008.337449-1.0.1.1-91snuhsUEmpkas6PwVMdOzFeB_rO0lgYuCH4rRKU0vwiwCd96e5.HDufeAZmoWvQ_eWIuEjdjhxsZOIMdXrf6F7KWAvc.nqnxQWFWT0CCvb7lyNt0Uk6giGu6ObJnrcH8WTj8gaEnPNtiv6xhGoS19NAcg_MKVWI16uN6iAyu_Mi2o8yboEmETlQ2xErRzSb; report-to cf-csp-endpoint", 'X-Content-Type-Options': 'nosniff', 'Report-To': '{"group":"cf-csp-endpoint","max_age":86400,"endpoints":[{"url":"https://csp-reporting.cloudflare.com/cdn-cgi/script_monitor/report?m=X2wMPUJC1aDCOKu2ETaBuKUgrVtxr.8lRrfm2w2SBpI-1781852008.337449-1.0.1.1-91snuhsUEmpkas6PwVMdOzFeB_rO0lgYuCH4rRKU0vwiwCd96e5.HDufeAZmoWvQ_eWIuEjdjhxsZOIMdXrf6F7KWAvc.nqnxQWFWT0CCvb7lyNt0Uk6giGu6ObJnrcH8WTj8gaEnPNtiv6xhGoS19NAcg_MKVWI16uN6iAyu_Mi2o8yboEmETlQ2xErRzSb"}]}', 'Content-Encoding': 'gzip', 'CF-RAY': 'a0e09dec19408ef7-FRA'} 
 body=&lt;?xml version="1.0" encoding="UTF-8" standalone="yes"?&gt;&lt;customer&gt;&lt;id&gt;12212&lt;/id&gt;&lt;firstName&gt;John&lt;/firstName&gt;&lt;lastName&gt;Smith&lt;/lastName&gt;&lt;address&gt;&lt;street&gt;1431 Main St&lt;/street&gt;&lt;city&gt;Beverly Hills&lt;/city&gt;&lt;state&gt;CA&lt;/state&gt;&lt;zipCode&gt;90210&lt;/zipCode&gt;&lt;/address&gt;&lt;phoneNumber&gt;310-447-4121&lt;/phoneNumber&gt;&lt;ssn&gt;622-11-9999&lt;/ssn&gt;&lt;/customer&gt; 
 </msg>
<msg time="2026-06-19T12:23:30.635339" level="INFO">C:\Users\Ahuja's\Projects\Parabank\project\venv\Lib\site-packages\urllib3\connectionpool.py:1110: InsecureRequestWarning: Unverified HTTPS request is being made to host 'parabank.parasoft.com'. Adding certificate verification is strongly advised. See: https://urllib3.readthedocs.io/en/latest/advanced-usage.html#tls-warnings
  warnings.warn(</msg>
<msg time="2026-06-19T12:23:30.635623" level="INFO">${response} = &lt;Response [200]&gt;</msg>
<var>${response}</var>
<arg>parabank</arg>
<arg>/login/${USERNAME}/${PASSWORD}</arg>
<doc>Sends a GET request on a previously created HTTP Session.</doc>
<status status="PASS" start="2026-06-19T12:23:27.682776" elapsed="2.952883"/>
</kw>
<kw name="Validate Status Code" owner="api_keywords">
<kw name="Should Be Equal As Integers" owner="BuiltIn">
<msg time="2026-06-19T12:23:30.636645" level="INFO">Argument types are:
&lt;class 'int'&gt;
&lt;class 'str'&gt;</msg>
<arg>${response.status_code}</arg>
<arg>${expected_code}</arg>
<doc>Fails if objects are unequal after converting them to integers.</doc>
<status status="PASS" start="2026-06-19T12:23:30.636077" elapsed="0.000615"/>
</kw>
<arg>${response}</arg>
<arg>200</arg>
<status status="PASS" start="2026-06-19T12:23:30.635833" elapsed="0.000913"/>
</kw>
<kw name="Parse Xml" owner="XML">
<msg time="2026-06-19T12:23:30.637517" level="INFO">${xml} = &lt;Element 'customer' at 0x0000021226175260&gt;</msg>
<var>${xml}</var>
[...]
<arg>${account_list}</arg>
<arg>${id}</arg>
<doc>Adds ``values`` to the end of ``list``.</doc>
<status status="PASS" start="2026-06-19T12:24:24.741638" elapsed="0.000325"/>
</kw>
<var name="${acc}">&lt;Element 'account' at 0x000002122622F1F0&gt;</var>
<status status="PASS" start="2026-06-19T12:24:24.740620" elapsed="0.001437"/>
</iter>
<iter>
<kw name="Get Element Text" owner="XML">
<msg time="2026-06-19T12:24:24.743952" level="INFO">${id} = 12789</msg>
<var>${id}</var>
<arg>${acc}</arg>
<arg>xpath=id</arg>
<doc>Returns all text of the element, possibly whitespace normalized.</doc>
<status status="PASS" start="2026-06-19T12:24:24.743211" elapsed="0.000811"/>
</kw>
<kw name="Append To List" owner="Collections">
<arg>${account_list}</arg>
<arg>${id}</arg>
<doc>Adds ``values`` to the end of ``list``.</doc>
<status status="PASS" start="2026-06-19T12:24:24.744327" elapsed="0.000480"/>
</kw>
<var name="${acc}">&lt;Element 'account' at 0x000002122622F380&gt;</var>
<status status="PASS" start="2026-06-19T12:24:24.742729" elapsed="0.002207"/>
</iter>
<iter>
<kw name="Get Element Text" owner="XML">
<msg time="2026-06-19T12:24:24.746112" level="INFO">${id} = 12900</msg>
<var>${id}</var>
<arg>${acc}</arg>
<arg>xpath=id</arg>
<doc>Returns all text of the element, possibly whitespace normalized.</doc>
<status status="PASS" start="2026-06-19T12:24:24.745480" elapsed="0.000698"/>
</kw>
<kw name="Append To List" owner="Collections">
<arg>${account_list}</arg>
<arg>${id}</arg>
<doc>Adds ``values`` to the end of ``list``.</doc>
<status status="PASS" start="2026-06-19T12:24:24.746527" elapsed="0.000430"/>
</kw>
<var name="${acc}">&lt;Element 'account' at 0x000002122622F510&gt;</var>
<status status="PASS" start="2026-06-19T12:24:24.745187" elapsed="0.001886"/>
</iter>
<iter>
<kw name="Get Element Text" owner="XML">
<msg time="2026-06-19T12:24:24.748299" level="INFO">${id} = 13011</msg>
<var>${id}</var>
<arg>${acc}</arg>
<arg>xpath=id</arg>
<doc>Returns all text of the element, possibly whitespace normalized.</doc>
<status status="PASS" start="2026-06-19T12:24:24.747613" elapsed="0.000768"/>
</kw>
<kw name="Append To List" owner="Collections">
<arg>${account_list}</arg>
<arg>${id}</arg>
<doc>Adds ``values`` to the end of ``list``.</doc>
<status status="PASS" start="2026-06-19T12:24:24.748761" elapsed="0.000465"/>
</kw>
<var name="${acc}">&lt;Element 'account' at 0x000002122622F6A0&gt;</var>
<status status="PASS" start="2026-06-19T12:24:24.747313" elapsed="0.002043"/>
</iter>
<iter>
<kw name="Get Element Text" owner="XML">
<msg time="2026-06-19T12:24:24.750857" level="INFO">${id} = 13122</msg>
<var>${id}</var>
<arg>${acc}</arg>
<arg>xpath=id</arg>
<doc>Returns all text of the element, possibly whitespace normalized.</doc>
<status status="PASS" start="2026-06-19T12:24:24.749992" elapsed="0.000938"/>
</kw>
<kw name="Append To List" owner="Collections">
<arg>${account_list}</arg>
<arg>${id}</arg>
<doc>Adds ``values`` to the end of ``list``.</doc>
<status status="PASS" start="2026-06-19T12:24:24.751224" elapsed="0.000496"/>
</kw>
<var name="${acc}">&lt;Element 'account' at 0x000002122622F830&gt;</var>
<status status="PASS" start="2026-06-19T12:24:24.749709" elapsed="0.002145"/>
</iter>
<iter>
<kw name="Get Element Text" owner="XML">
<msg time="2026-06-19T12:24:24.753077" level="INFO">${id} = 13233</msg>
<var>${id}</var>
<arg>${acc}</arg>
<arg>xpath=id</arg>
<doc>Returns all text of the element, possibly whitespace normalized.</doc>
<status status="PASS" start="2026-06-19T12:24:24.752412" elapsed="0.000733"/>
</kw>
<kw name="Append To List" owner="Collections">
<arg>${account_list}</arg>
<arg>${id}</arg>
<doc>Adds ``values`` to the end of ``list``.</doc>
<status status="PASS" start="2026-06-19T12:24:24.753427" elapsed="0.000460"/>
</kw>
<var name="${acc}">&lt;Element 'account' at 0x000002122622F9C0&gt;</var>
<status status="PASS" start="2026-06-19T12:24:24.752153" elapsed="0.001853"/>
</iter>
<iter>
<kw name="Get Element Text" owner="XML">
<msg time="2026-06-19T12:24:24.755192" level="INFO">${id} = 13344</msg>
<var>${id}</var>
<arg>${acc}</arg>
<arg>xpath=id</arg>
<doc>Returns all text of the element, possibly whitespace normalized.</doc>
<status status="PASS" start="2026-06-19T12:24:24.754559" elapsed="0.000713"/>
</kw>
<kw name="Append To List" owner="Collections">
<arg>${account_list}</arg>
<arg>${id}</arg>
<doc>Adds ``values`` to the end of ``list``.</doc>
<status status="PASS" start="2026-06-19T12:24:24.755645" elapsed="0.000468"/>
</kw>
<var name="${acc}">&lt;Element 'account' at 0x000002122622FB50&gt;</var>
<status status="PASS" start="2026-06-19T12:24:24.754273" elapsed="0.001970"/>
</iter>
<iter>
<kw name="Get Element Text" owner="XML">
<msg time="2026-06-19T12:24:24.757568" level="INFO">${id} = 13566</msg>
<var>${id}</var>
<arg>${acc}</arg>
<arg>xpath=id</arg>
<doc>Returns all text of the element, possibly whitespace normalized.</doc>
<status status="PASS" start="2026-06-19T12:24:24.756855" elapsed="0.000784"/>
</kw>
<kw name="Append To List" owner="Collections">
<arg>${account_list}</arg>
<arg>${id}</arg>
<doc>Adds ``values`` to the end of ``list``.</doc>
<status status="PASS" start="2026-06-19T12:24:24.757926" elapsed="0.001062"/>
</kw>
<var name="${acc}">&lt;Element 'account' at 0x000002122622FCE0&gt;</var>
<status status="PASS" start="2026-06-19T12:24:24.756593" elapsed="0.002566"/>
</iter>
<iter>
<kw name="Get Element Text" owner="XML">
<msg time="2026-06-19T12:24:24.760582" level="INFO">${id} = 13677</msg>
<var>${id}</var>
<arg>${acc}</arg>
<arg>xpath=id</arg>
<doc>Returns all text of the element, possibly whitespace normalized.</doc>
<status status="PASS" start="2026-06-19T12:24:24.759829" elapsed="0.000827"/>
</kw>
<kw name="Append To List" owner="Collections">
<arg>${account_list}</arg>
<arg>${id}</arg>
<doc>Adds ``values`` to the end of ``list``.</doc>
<status status="PASS" start="2026-06-19T12:24:24.760947" elapsed="0.000463"/>
</kw>
<var name="${acc}">&lt;Element 'account' at 0x000002122622FE70&gt;</var>
<status status="PASS" start="2026-06-19T12:24:24.759523" elapsed="0.002006"/>
</iter>
<iter>
<kw name="Get Element Text" owner="XML">
<msg time="2026-06-19T12:24:24.762698" level="INFO">${id} = 14121</msg>
<var>${id}</var>
<arg>${acc}</arg>
<arg>xpath=id</arg>
<doc>Returns all text of the element, possibly whitespace normalized.</doc>
<status status="PASS" start="2026-06-19T12:24:24.762013" elapsed="0.000761"/>
</kw>
<kw name="Append To List" owner="Collections">
<arg>${account_list}</arg>
<arg>${id}</arg>
<doc>Adds ``values`` to the end of ``list``.</doc>
<status status="PASS" start="2026-06-19T12:24:24.763070" elapsed="0.000461"/>
</kw>
<var name="${acc}">&lt;Element 'account' at 0x000002122626C040&gt;</var>
<status status="PASS" start="2026-06-19T12:24:24.761766" elapsed="0.001881"/>
</iter>
<iter>
<kw name="Get Element Text" owner="XML">
<msg time="2026-06-19T12:24:24.764848" level="INFO">${id} = 14454</msg>
<var>${id}</var>
<arg>${acc}</arg>
<arg>xpath=id</arg>
<doc>Returns all text of the element, possibly whitespace normalized.</doc>
<status status="PASS" start="2026-06-19T12:24:24.764185" elapsed="0.000730"/>
</kw>
<kw name="Append To List" owner="Collections">
<arg>${account_list}</arg>
<arg>${id}</arg>
<doc>Adds ``values`` to the end of ``list``.</doc>
<status status="PASS" start="2026-06-19T12:24:24.765191" elapsed="0.000439"/>
</kw>
<var name="${acc}">&lt;Element 'account' at 0x000002122626C1D0&gt;</var>
<status status="PASS" start="2026-06-19T12:24:24.763929" elapsed="0.001817"/>
</iter>
<iter>
<kw name="Get Element Text" owner="XML">
<msg time="2026-06-19T12:24:24.766863" level="INFO">${id} = 14676</msg>
<var>${id}</var>
<arg>${acc}</arg>
<arg>xpath=id</arg>
<doc>Returns all text of the element, possibly whitespace normalized.</doc>
<status status="PASS" start="2026-06-19T12:24:24.766236" elapsed="0.000696"/>
</kw>
<kw name="Append To List" owner="Collections">
<arg>${account_list}</arg>
<arg>${id}</arg>
<doc>Adds ``values`` to the end of ``list``.</doc>
<status status="PASS" start="2026-06-19T12:24:24.767185" elapsed="0.000426"/>
</kw>
<var name="${acc}">&lt;Element 'account' at 0x000002122626C360&gt;</var>
<status status="PASS" start="2026-06-19T12:24:24.766010" elapsed="0.001706"/>
</iter>
<iter>
<kw name="Get Element Text" owner="XML">
<msg time="2026-06-19T12:24:24.768787" level="INFO">${id} = 14787</msg>
<var>${id}</var>
<arg>${acc}</arg>
<arg>xpath=id</arg>
<doc>Returns all text of the element, possibly whitespace normalized.</doc>
<status status="PASS" start="2026-06-19T12:24:24.768172" elapsed="0.000677"/>
</kw>
<kw name="Append To List" owner="Collections">
<arg>${account_list}</arg>
<arg>${id}</arg>
<doc>Adds ``values`` to the end of ``list``.</doc>
<status status="PASS" start="2026-06-19T12:24:24.769101" elapsed="0.000404"/>
</kw>
<var name="${acc}">&lt;Element 'account' at 0x000002122626C4F0&gt;</var>
<status status="PASS" start="2026-06-19T12:24:24.767962" elapsed="0.001641"/>
</iter>
<iter>
<kw name="Get Element Text" owner="XML">
<msg time="2026-06-19T12:24:24.770604" level="INFO">${id} = 14898</msg>
<var>${id}</var>
<arg>${acc}</arg>
<arg>xpath=id</arg>
<doc>Returns all text of the element, possibly whitespace normalized.</doc>
<status status="PASS" start="2026-06-19T12:24:24.770030" elapsed="0.000635"/>
</kw>
<kw name="Append To List" owner="Collections">
<arg>${account_list}</arg>
<arg>${id}</arg>
<doc>Adds ``values`` to the end of ``list``.</doc>
<status status="PASS" start="2026-06-19T12:24:24.770906" elapsed="0.000387"/>
</kw>
<var name="${acc}">&lt;Element 'account' at 0x000002122626C680&gt;</var>
<status status="PASS" start="2026-06-19T12:24:24.769811" elapsed="0.001583"/>
</iter>
<iter>
<kw name="Get Element Text" owner="XML">
<msg time="2026-06-19T12:24:24.772393" level="INFO">${id} = 15009</msg>
<var>${id}</var>
<arg>${acc}</arg>
<arg>xpath=id</arg>
<doc>Returns all text of the element, possibly whitespace normalized.</doc>
<status status="PASS" start="2026-06-19T12:24:24.771799" elapsed="0.000653"/>
</kw>
<kw name="Append To List" owner="Collections">
<arg>${account_list}</arg>
<arg>${id}</arg>
<doc>Adds ``values`` to the end of ``list``.</doc>
<status status="PASS" start="2026-06-19T12:24:24.772700" elapsed="0.000336"/>
</kw>
<var name="${acc}">&lt;Element 'account' at 0x000002122626C810&gt;</var>
<status status="PASS" start="2026-06-19T12:24:24.771602" elapsed="0.001584"/>
</iter>
<iter>
<kw name="Get Element Text" owner="XML">
<msg time="2026-06-19T12:24:24.774349" level="INFO">${id} = 15120</msg>
<var>${id}</var>
<arg>${acc}</arg>
<arg>xpath=id</arg>
<doc>Returns all text of the element, possibly whitespace normalized.</doc>
<status status="PASS" start="2026-06-19T12:24:24.773589" elapsed="0.000839"/>
</kw>
<kw name="Append To List" owner="Collections">
<arg>${account_list}</arg>
<arg>${id}</arg>
<doc>Adds ``values`` to the end of ``list``.</doc>
<status status="PASS" start="2026-06-19T12:24:24.774651" elapsed="0.000208"/>
</kw>
<var name="${acc}">&lt;Element 'account' at 0x000002122626C9A0&gt;</var>
<status status="PASS" start="2026-06-19T12:24:24.773403" elapsed="0.001513"/>
</iter>
<iter>
<kw name="Get Element Text" owner="XML">
<msg time="2026-06-19T12:24:24.775590" level="INFO">${id} = 15231</msg>
<var>${id}</var>
<arg>${acc}</arg>
<arg>xpath=id</arg>
<doc>Returns all text of the element, possibly whitespace normalized.</doc>
<status status="PASS" start="2026-06-19T12:24:24.775167" elapsed="0.000527"/>
</kw>
<kw name="Append To List" owner="Collections">
<arg>${account_list}</arg>
<arg>${id}</arg>
<doc>Adds ``values`` to the end of ``list``.</doc>
<status status="PASS" start="2026-06-19T12:24:24.775970" elapsed="0.000360"/>
</kw>
<var name="${acc}">&lt;Element 'account' at 0x000002122626CB30&gt;</var>
<status status="PASS" start="2026-06-19T12:24:24.775038" elapsed="0.001396"/>
</iter>
<iter>
<kw name="Get Element Text" owner="XML">
<msg time="2026-06-19T12:24:24.777449" level="INFO">${id} = 15342</msg>
<var>${id}</var>
<arg>${acc}</arg>
<arg>xpath=id</arg>
<doc>Returns all text of the element, possibly whitespace normalized.</doc>
<status status="PASS" start="2026-06-19T12:24:24.776901" elapsed="0.000609"/>
</kw>
<kw name="Append To List" owner="Collections">
<arg>${account_list}</arg>
<arg>${id}</arg>
<doc>Adds ``values`` to the end of ``list``.</doc>
<status status="PASS" start="2026-06-19T12:24:24.777780" elapsed="0.000408"/>
</kw>
<var name="${acc}">&lt;Element 'account' at 0x000002122626CCC0&gt;</var>
<status status="PASS" start="2026-06-19T12:24:24.776652" elapsed="0.001642"/>
</iter>
<iter>
<kw name="Get Element Text" owner="XML">
<msg time="2026-06-19T12:24:24.779258" level="INFO">${id} = 15453</msg>
<var>${id}</var>
<arg>${acc}</arg>
<arg>xpath=id</arg>
<doc>Returns all text of the element, possibly whitespace normalized.</doc>
<status status="PASS" start="2026-06-19T12:24:24.778700" elapsed="0.000619"/>
</kw>
<kw name="Append To List" owner="Collections">
<arg>${account_list}</arg>
<arg>${id}</arg>
<doc>Adds ``values`` to the end of ``list``.</doc>
<status status="PASS" start="2026-06-19T12:24:24.779549" elapsed="0.000393"/>
</kw>
<var name="${acc}">&lt;Element 'account' at 0x000002122626CE50&gt;</var>
<status status="PASS" start="2026-06-19T12:24:24.778509" elapsed="0.001536"/>
</iter>
<iter>
<kw name="Get Element Text" owner="XML">
<msg time="2026-06-19T12:24:24.780967" level="INFO">${id} = 15564</msg>
<var>${id}</var>
<arg>${acc}</arg>
<arg>xpath=id</arg>
<doc>Returns all text of the element, possibly whitespace normalized.</doc>
<status status="PASS" start="2026-06-19T12:24:24.780435" elapsed="0.000587"/>
</kw>
<kw name="Append To List" owner="Collections">
<arg>${account_list}</arg>
<arg>${id}</arg>
<doc>Adds ``values`` to the end of ``list``.</doc>
<status status="PASS" start="2026-06-19T12:24:24.781236" elapsed="0.000306"/>
</kw>
<var name="${acc}">&lt;Element 'account' at 0x000002122626CFE0&gt;</var>
<status status="PASS" start="2026-06-19T12:24:24.780247" elapsed="0.001386"/>
</iter>
<iter>
<kw name="Get Element Text" owner="XML">
<msg time="2026-06-19T12:24:24.782536" level="INFO">${id} = 15675</msg>
<var>${id}</var>
<arg>${acc}</arg>
<arg>xpath=id</arg>
<doc>Returns all text of the element, possibly whitespace normalized.</doc>
<status status="PASS" start="2026-06-19T12:24:24.782055" elapsed="0.000533"/>
</kw>
<kw name="Append To List" owner="Collections">
<arg>${account_list}</arg>
<arg>${id}</arg>
<doc>Adds ``values`` to the end of ``list``.</doc>
<status status="PASS" start="2026-06-19T12:24:24.782792" elapsed="0.000339"/>
</kw>
<var name="${acc}">&lt;Element 'account' at 0x000002122626D170&gt;</var>
<status status="PASS" start="2026-06-19T12:24:24.781843" elapsed="0.001375"/>
</iter>
<iter>
<kw name="Get Element Text" owner="XML">
<msg time="2026-06-19T12:24:24.784067" level="INFO">${id} = 15786</msg>
<var>${id}</var>
<arg>${acc}</arg>
<arg>xpath=id</arg>
<doc>Returns all text of the element, possibly whitespace normalized.</doc>
<status status="PASS" start="2026-06-19T12:24:24.783569" elapsed="0.000557"/>
</kw>
<kw name="Append To List" owner="Collections">
<arg>${account_list}</arg>
<arg>${id}</arg>
<doc>Adds ``values`` to the end of ``list``.</doc>
<status status="PASS" start="2026-06-19T12:24:24.784325" elapsed="0.000285"/>
</kw>
<var name="${acc}">&lt;Element 'account' at 0x000002122626D300&gt;</var>
<status status="PASS" start="2026-06-19T12:24:24.783398" elapsed="0.001294"/>
</iter>
<iter>
<kw name="Get Element Text" owner="XML">
<msg time="2026-06-19T12:24:24.785455" level="INFO">${id} = 54321</msg>
<var>${id}</var>
<arg>${acc}</arg>
<arg>xpath=id</arg>
<doc>Returns all text of the element, possibly whitespace normalized.</doc>
<status status="PASS" start="2026-06-19T12:24:24.785048" elapsed="0.000452"/>
</kw>
<kw name="Append To List" owner="Collections">
<arg>${account_list}</arg>
<arg>${id}</arg>
<doc>Adds ``values`` to the end of ``list``.</doc>
<status status="PASS" start="2026-06-19T12:24:24.785685" elapsed="0.000313"/>
</kw>
<var name="${acc}">&lt;Element 'account' at 0x000002122626D490&gt;</var>
<status status="PASS" start="2026-06-19T12:24:24.784893" elapsed="0.001182"/>
</iter>
<var>${acc}</var>
<value>@{accounts}</value>
<status status="PASS" start="2026-06-19T12:24:24.734683" elapsed="0.051466"/>
</for>
<kw name="Set Suite Variable" owner="BuiltIn">
<msg time="2026-06-19T12:24:24.786872" level="INFO">${ACCOUNT_LIST} = ['12345', '12456', '12567', '12678', '12789', '12900', '13011', '13122', '13233', '13344', '13566', '13677', '14121', '14454', '14676', '14787', '14898', '15009', '15120', '15231', '15342', '15453', '...</msg>
<arg>${ACCOUNT_LIST}</arg>
<arg>${account_list}</arg>
<doc>Makes a variable available everywhere within the scope of the current suite.</doc>
<status status="PASS" start="2026-06-19T12:24:24.786354" elapsed="0.000586"/>
</kw>
<status status="PASS" start="2026-06-19T12:24:24.033231" elapsed="0.753816"/>
</kw>
<kw name="Copy List" owner="Collections">
<msg time="2026-06-19T12:24:24.787949" level="INFO">${after_list} = ['12345', '12456', '12567', '12678', '12789', '12900', '13011', '13122', '13233', '13344', '13566', '13677', '14121', '14454', '14676', '14787', '14898', '15009', '15120', '15231', '15342', '15453', '...</msg>
<var>${after_list}</var>
<arg>${ACCOUNT_LIST}</arg>
<doc>Returns a copy of the given list.</doc>
<status status="PASS" start="2026-06-19T12:24:24.787624" elapsed="0.000373"/>
</kw>
<kw name="Log To Console" owner="BuiltIn">
<arg>AFTER ACCOUNTS = ${after_list}</arg>
<doc>Logs the given message to the console.</doc>
<status status="PASS" start="2026-06-19T12:24:24.788400" elapsed="0.000548"/>
</kw>
<kw name="List Should Contain Value" owner="Collections">
<arg>${after_list}</arg>
<arg>${new_account_id}</arg>
<doc>Fails if the ``value`` is not found from ``list``.</doc>
<status status="PASS" start="2026-06-19T12:24:24.789356" elapsed="0.000853"/>
</kw>
<kw name="Get Length" owner="BuiltIn">
<msg time="2026-06-19T12:24:24.791728" level="INFO">Length is 16.</msg>
<msg time="2026-06-19T12:24:24.791925" level="INFO">${before_count} = 16</msg>
<var>${before_count}</var>
<arg>${before_list}</arg>
<doc>Returns and logs the length of the given item as an integer.</doc>
<status status="PASS" start="2026-06-19T12:24:24.790793" elapsed="0.001192"/>
</kw>
<kw name="Get Length" owner="BuiltIn">
<msg time="2026-06-19T12:24:24.793051" level="INFO">Length is 26.</msg>
<msg time="2026-06-19T12:24:24.793193" level="INFO">${after_count} = 26</msg>
<var>${after_count}</var>
<arg>${after_list}</arg>
<doc>Returns and logs the length of the given item as an integer.</doc>
<status status="PASS" start="2026-06-19T12:24:24.792595" elapsed="0.000643"/>
</kw>
<kw name="Should Be True" owner="BuiltIn">
<arg>${after_count} &gt; ${before_count}</arg>
<doc>Fails if the given condition is not true.</doc>
<status status="PASS" start="2026-06-19T12:24:24.793776" elapsed="0.000662"/>
</kw>
<kw name="Log To Console" owner="BuiltIn">
<arg>✅ NEW ACCOUNT VERIFIED SUCCESSFULLY IN API</arg>
<doc>Logs the given message to the console.</doc>
<status status="PASS" start="2026-06-19T12:24:24.794935" elapsed="0.000635"/>
</kw>
<status status="PASS" start="2026-06-19T12:24:02.653399" elapsed="22.142996"/>
</test>
<status status="PASS" start="2026-06-19T12:24:02.633654" elapsed="22.164219"/>
</suite>
<status status="PASS" start="2026-06-19T12:22:12.769987" elapsed="132.030538"/>
</suite>
<statistics>
<total>
<stat pass="4" fail="0" skip="0">All Tests</stat>
</total>
<tag>
</tag>
<suite>
<stat name="E2E" id="s1" pass="4" fail="0" skip="0">E2E</stat>
<stat name="TC-E2E-01" id="s1-s1" pass="1" fail="0" skip="0">E2E.TC-E2E-01</stat>
<stat name="TC-E2E-02" id="s1-s2" pass="1" fail="0" skip="0">E2E.TC-E2E-02</stat>
<stat name="TC-E2E-03" id="s1-s3" pass="1" fail="0" skip="0">E2E.TC-E2E-03</stat>
<stat name="TC-E2E-04" id="s1-s4" pass="1" fail="0" skip="0">E2E.TC-E2E-04</stat>
</suite>
</statistics>
<errors>
</errors>
</robot>
